INFO:root:Ran with args: (<__main__.TheAlgorithm object at 0x00000273C3B5E240>, array([[ 0.,  0.,  5., ...,  0.,  0.,  0.],
       [ 0.,  0.,  0., ..., 10.,  0.,  0.],
       [ 0.,  0.,  0., ..., 16.,  9.,  0.],
       ...,
       [ 0.,  0.,  1., ...,  6.,  0.,  0.],
       [ 0.,  0.,  2., ..., 12.,  0.,  0.],
       [ 0.,  0., 10., ..., 12.,  1.,  0.]]), array([0, 1, 2, ..., 8, 9, 8]), array([], shape=(0, 64), dtype=float64), array([], dtype=int32)), and kwargs: {}
INFO:root:Ran with args: (<__main__.TheAlgorithm object at 0x00000273C3B5E240>,), and kwargs: {}
INFO:root:Ran with args: (<__main__.TheAlgorithm object at 0x00000298A9D947B8>, array([[ 0.,  0.,  5., ...,  0.,  0.,  0.],
       [ 0.,  0.,  0., ..., 10.,  0.,  0.],
       [ 0.,  0.,  0., ..., 16.,  9.,  0.],
       ...,
       [ 0.,  0.,  1., ...,  6.,  0.,  0.],
       [ 0.,  0.,  2., ..., 12.,  0.,  0.],
       [ 0.,  0., 10., ..., 12.,  1.,  0.]]), array([0, 1, 2, ..., 8, 9, 8]), array([], shape=(0, 64), dtype=float64), array([], dtype=int32)), and kwargs: {}
INFO:root:Ran with args: (<__main__.TheAlgorithm object at 0x00000298A9D947B8>,), and kwargs: {}
INFO:root:Ran with args: (<__main__.TheAlgorithm object at 0x00000298AA07E0F0>, array([[ 0.,  0.,  5., ...,  0.,  0.,  0.],
       [ 0.,  0.,  0., ..., 10.,  0.,  0.],
       [ 0.,  0.,  0., ..., 16.,  9.,  0.],
       ...,
       [ 0.,  0.,  1., ...,  6.,  0.,  0.],
       [ 0.,  0.,  2., ..., 12.,  0.,  0.],
       [ 0.,  0., 10., ..., 12.,  1.,  0.]]), array([0, 1, 2, ..., 8, 9, 8]), array([], shape=(0, 64), dtype=float64), array([], dtype=int32)), and kwargs: {}
INFO:root:Ran with args: (<__main__.TheAlgorithm object at 0x00000298AA07E0F0>,), and kwargs: {}
