INFO:root:Ran with args: (<__main__.TheAlgorithm object at 0x0000022F3E243240>, array([[ 0.,  0.,  5., ...,  0.,  0.,  0.],
       [ 0.,  0.,  0., ..., 10.,  0.,  0.],
       [ 0.,  0.,  0., ..., 16.,  9.,  0.],
       ...,
       [ 0.,  0.,  0., ..., 13.,  3.,  0.],
       [ 0.,  0.,  0., ..., 15.,  5.,  0.],
       [ 0.,  1., 10., ..., 10.,  0.,  0.]]), array([0, 1, 2, 3, 4, 5, 6, 7, 8, 9, 0, 1, 2, 3, 4, 5, 6, 7, 8, 9, 0, 1,
       2, 3, 4, 5, 6, 7, 8, 9, 0, 9, 5, 5, 6, 5, 0, 9, 8, 9, 8, 4, 1, 7,
       7, 3, 5, 1, 0, 0, 2, 2, 7, 8, 2, 0, 1, 2, 6, 3]), array([[ 0.,  0., 10., ..., 11.,  2.,  0.],
       [ 0.,  0.,  6., ...,  0.,  0.,  0.],
       [ 0.,  0., 14., ..., 10.,  1.,  0.],
       ...,
       [ 0.,  0.,  1., ...,  6.,  0.,  0.],
       [ 0.,  0.,  2., ..., 12.,  0.,  0.],
       [ 0.,  0., 10., ..., 12.,  1.,  0.]]), array([3, 7, 3, ..., 8, 9, 8])), and kwargs: {}
INFO:root:Ran with args: (<__main__.TheAlgorithm object at 0x0000022F3E243240>,), and kwargs: {}
INFO:root:Ran with args: (<__main__.TheAlgorithm object at 0x0000022F3E243240>,), and kwargs: {}
INFO:root:Ran with args: (<__main__.TheAlgorithm object at 0x0000026F082FDDA0>, array([[ 0.,  0.,  5., ...,  0.,  0.,  0.],
       [ 0.,  0.,  0., ..., 10.,  0.,  0.],
       [ 0.,  0.,  0., ..., 16.,  9.,  0.],
       ...,
       [ 0.,  0.,  0., ..., 13.,  3.,  0.],
       [ 0.,  0.,  0., ..., 15.,  5.,  0.],
       [ 0.,  1., 10., ..., 10.,  0.,  0.]]), array([0, 1, 2, 3, 4, 5, 6, 7, 8, 9, 0, 1, 2, 3, 4, 5, 6, 7, 8, 9, 0, 1,
       2, 3, 4, 5, 6, 7, 8, 9, 0, 9, 5, 5, 6, 5, 0, 9, 8, 9, 8, 4, 1, 7,
       7, 3, 5, 1, 0, 0, 2, 2, 7, 8, 2, 0, 1, 2, 6, 3]), array([[ 0.,  0., 10., ..., 11.,  2.,  0.],
       [ 0.,  0.,  6., ...,  0.,  0.,  0.],
       [ 0.,  0., 14., ..., 10.,  1.,  0.],
       ...,
       [ 0.,  0.,  1., ...,  6.,  0.,  0.],
       [ 0.,  0.,  2., ..., 12.,  0.,  0.],
       [ 0.,  0., 10., ..., 12.,  1.,  0.]]), array([3, 7, 3, ..., 8, 9, 8])), and kwargs: {}
INFO:root:Ran with args: (<__main__.TheAlgorithm object at 0x0000026F082FDDA0>,), and kwargs: {}
INFO:root:Ran with args: (<__main__.TheAlgorithm object at 0x0000026F082FDDA0>,), and kwargs: {}
INFO:root:Ran with args: (<__main__.TheAlgorithm object at 0x000001807D6E0DA0>, array([[ 0.,  0.,  5., ...,  0.,  0.,  0.],
       [ 0.,  0.,  0., ..., 10.,  0.,  0.],
       [ 0.,  0.,  0., ..., 16.,  9.,  0.],
       ...,
       [ 0.,  0.,  0., ..., 13.,  3.,  0.],
       [ 0.,  0.,  0., ..., 15.,  5.,  0.],
       [ 0.,  1., 10., ..., 10.,  0.,  0.]]), array([0, 1, 2, 3, 4, 5, 6, 7, 8, 9, 0, 1, 2, 3, 4, 5, 6, 7, 8, 9, 0, 1,
       2, 3, 4, 5, 6, 7, 8, 9, 0, 9, 5, 5, 6, 5, 0, 9, 8, 9, 8, 4, 1, 7,
       7, 3, 5, 1, 0, 0, 2, 2, 7, 8, 2, 0, 1, 2, 6, 3]), array([[ 0.,  0., 10., ..., 11.,  2.,  0.],
       [ 0.,  0.,  6., ...,  0.,  0.,  0.],
       [ 0.,  0., 14., ..., 10.,  1.,  0.],
       ...,
       [ 0.,  0.,  1., ...,  6.,  0.,  0.],
       [ 0.,  0.,  2., ..., 12.,  0.,  0.],
       [ 0.,  0., 10., ..., 12.,  1.,  0.]]), array([3, 7, 3, ..., 8, 9, 8])), and kwargs: {}
INFO:root:Ran with args: (<__main__.TheAlgorithm object at 0x000001807D6E0DA0>,), and kwargs: {}
INFO:root:Ran with args: (<__main__.TheAlgorithm object at 0x000001807D6E0DA0>,), and kwargs: {}
INFO:root:Ran with args: (<Examples.BestPractices.unit_test_and_logging_for_data_science.TheAlgorithm object at 0x000002A582256C50>, array([[ 0.,  0.,  5., ...,  0.,  0.,  0.],
       [ 0.,  0.,  0., ..., 10.,  0.,  0.],
       [ 0.,  0.,  0., ..., 16.,  9.,  0.],
       ...,
       [ 0.,  0.,  0., ..., 13.,  3.,  0.],
       [ 0.,  0.,  0., ..., 15.,  5.,  0.],
       [ 0.,  1., 10., ..., 10.,  0.,  0.]]), array([0, 1, 2, 3, 4, 5, 6, 7, 8, 9, 0, 1, 2, 3, 4, 5, 6, 7, 8, 9, 0, 1,
       2, 3, 4, 5, 6, 7, 8, 9, 0, 9, 5, 5, 6, 5, 0, 9, 8, 9, 8, 4, 1, 7,
       7, 3, 5, 1, 0, 0, 2, 2, 7, 8, 2, 0, 1, 2, 6, 3]), array([[ 0.,  0., 10., ..., 11.,  2.,  0.],
       [ 0.,  0.,  6., ...,  0.,  0.,  0.],
       [ 0.,  0., 14., ..., 10.,  1.,  0.],
       ...,
       [ 0.,  0.,  1., ...,  6.,  0.,  0.],
       [ 0.,  0.,  2., ..., 12.,  0.,  0.],
       [ 0.,  0., 10., ..., 12.,  1.,  0.]]), array([3, 7, 3, ..., 8, 9, 8])), and kwargs: {}
INFO:root:Ran with args: (<Examples.BestPractices.unit_test_and_logging_for_data_science.TheAlgorithm object at 0x000002A582256C50>,), and kwargs: {}
INFO:root:Ran with args: (<Examples.BestPractices.unit_test_and_logging_for_data_science.TheAlgorithm object at 0x000002A582256C50>,), and kwargs: {}
INFO:root:Ran with args: (<Examples.BestPractices.unit_test_and_logging_for_data_science.TheAlgorithm object at 0x000002A58BED03C8>, array([[ 0.,  0.,  5., ...,  0.,  0.,  0.],
       [ 0.,  0.,  0., ..., 10.,  0.,  0.],
       [ 0.,  0.,  0., ..., 16.,  9.,  0.],
       ...,
       [ 0.,  0.,  1., ...,  6.,  0.,  0.],
       [ 0.,  0.,  2., ..., 12.,  0.,  0.],
       [ 0.,  0., 10., ..., 12.,  1.,  0.]]), array([0, 1, 2, ..., 8, 9, 8]), array([], shape=(0, 64), dtype=float64), array([], dtype=int32)), and kwargs: {}
INFO:root:Ran with args: (<Examples.BestPractices.unit_test_and_logging_for_data_science.TheAlgorithm object at 0x000002A58BED03C8>,), and kwargs: {}
INFO:root:Ran with args: (<Examples.BestPractices.unit_test_and_logging_for_data_science.TheAlgorithm object at 0x000002A58BED0518>, array([[ 0.,  0.,  5., ...,  0.,  0.,  0.],
       [ 0.,  0.,  0., ..., 10.,  0.,  0.],
       [ 0.,  0.,  0., ..., 16.,  9.,  0.],
       ...,
       [ 0.,  0.,  1., ...,  6.,  0.,  0.],
       [ 0.,  0.,  2., ..., 12.,  0.,  0.],
       [ 0.,  0., 10., ..., 12.,  1.,  0.]]), array([0, 1, 2, ..., 8, 9, 8]), array([], shape=(0, 64), dtype=float64), array([], dtype=int32)), and kwargs: {}
INFO:root:Ran with args: (<Examples.BestPractices.unit_test_and_logging_for_data_science.TheAlgorithm object at 0x000002A58BED0518>,), and kwargs: {}
INFO:root:Ran with args: (<Examples.BestPractices.unit_test_and_logging_for_data_science.TheAlgorithm object at 0x000001B0B7346C50>, array([[ 0.,  0.,  5., ...,  0.,  0.,  0.],
       [ 0.,  0.,  0., ..., 10.,  0.,  0.],
       [ 0.,  0.,  0., ..., 16.,  9.,  0.],
       ...,
       [ 0.,  0.,  0., ..., 13.,  3.,  0.],
       [ 0.,  0.,  0., ..., 15.,  5.,  0.],
       [ 0.,  1., 10., ..., 10.,  0.,  0.]]), array([0, 1, 2, 3, 4, 5, 6, 7, 8, 9, 0, 1, 2, 3, 4, 5, 6, 7, 8, 9, 0, 1,
       2, 3, 4, 5, 6, 7, 8, 9, 0, 9, 5, 5, 6, 5, 0, 9, 8, 9, 8, 4, 1, 7,
       7, 3, 5, 1, 0, 0, 2, 2, 7, 8, 2, 0, 1, 2, 6, 3]), array([[ 0.,  0., 10., ..., 11.,  2.,  0.],
       [ 0.,  0.,  6., ...,  0.,  0.,  0.],
       [ 0.,  0., 14., ..., 10.,  1.,  0.],
       ...,
       [ 0.,  0.,  1., ...,  6.,  0.,  0.],
       [ 0.,  0.,  2., ..., 12.,  0.,  0.],
       [ 0.,  0., 10., ..., 12.,  1.,  0.]]), array([3, 7, 3, ..., 8, 9, 8])), and kwargs: {}
INFO:root:Ran with args: (<Examples.BestPractices.unit_test_and_logging_for_data_science.TheAlgorithm object at 0x000001B0B7346C50>,), and kwargs: {}
INFO:root:Ran with args: (<Examples.BestPractices.unit_test_and_logging_for_data_science.TheAlgorithm object at 0x000001B0B7346C50>,), and kwargs: {}
INFO:root:Ran with args: (<Examples.BestPractices.unit_test_and_logging_for_data_science.TheAlgorithm object at 0x000001B0B7B9D390>, array([[ 0.,  0.,  5., ...,  0.,  0.,  0.],
       [ 0.,  0.,  0., ..., 10.,  0.,  0.],
       [ 0.,  0.,  0., ..., 16.,  9.,  0.],
       ...,
       [ 0.,  0.,  1., ...,  6.,  0.,  0.],
       [ 0.,  0.,  2., ..., 12.,  0.,  0.],
       [ 0.,  0., 10., ..., 12.,  1.,  0.]]), array([0, 1, 2, ..., 8, 9, 8]), array([], shape=(0, 64), dtype=float64), array([], dtype=int32)), and kwargs: {}
INFO:root:Ran with args: (<Examples.BestPractices.unit_test_and_logging_for_data_science.TheAlgorithm object at 0x000001B0B7B9D390>,), and kwargs: {}
INFO:root:Ran with args: (<Examples.BestPractices.unit_test_and_logging_for_data_science.TheAlgorithm object at 0x000001B0C0F7E160>, array([[ 0.,  0.,  5., ...,  0.,  0.,  0.],
       [ 0.,  0.,  0., ..., 10.,  0.,  0.],
       [ 0.,  0.,  0., ..., 16.,  9.,  0.],
       ...,
       [ 0.,  0.,  1., ...,  6.,  0.,  0.],
       [ 0.,  0.,  2., ..., 12.,  0.,  0.],
       [ 0.,  0., 10., ..., 12.,  1.,  0.]]), array([0, 1, 2, ..., 8, 9, 8]), array([], shape=(0, 64), dtype=float64), array([], dtype=int32)), and kwargs: {}
INFO:root:Ran with args: (<Examples.BestPractices.unit_test_and_logging_for_data_science.TheAlgorithm object at 0x000001B0C0F7E160>,), and kwargs: {}
INFO:root:Ran with args: (<Examples.BestPractices.unit_test_and_logging_for_data_science.TheAlgorithm object at 0x000002B889996C50>, array([[ 0.,  0.,  5., ...,  0.,  0.,  0.],
       [ 0.,  0.,  0., ..., 10.,  0.,  0.],
       [ 0.,  0.,  0., ..., 16.,  9.,  0.],
       ...,
       [ 0.,  0.,  0., ..., 13.,  3.,  0.],
       [ 0.,  0.,  0., ..., 15.,  5.,  0.],
       [ 0.,  1., 10., ..., 10.,  0.,  0.]]), array([0, 1, 2, 3, 4, 5, 6, 7, 8, 9, 0, 1, 2, 3, 4, 5, 6, 7, 8, 9, 0, 1,
       2, 3, 4, 5, 6, 7, 8, 9, 0, 9, 5, 5, 6, 5, 0, 9, 8, 9, 8, 4, 1, 7,
       7, 3, 5, 1, 0, 0, 2, 2, 7, 8, 2, 0, 1, 2, 6, 3]), array([[ 0.,  0., 10., ..., 11.,  2.,  0.],
       [ 0.,  0.,  6., ...,  0.,  0.,  0.],
       [ 0.,  0., 14., ..., 10.,  1.,  0.],
       ...,
       [ 0.,  0.,  1., ...,  6.,  0.,  0.],
       [ 0.,  0.,  2., ..., 12.,  0.,  0.],
       [ 0.,  0., 10., ..., 12.,  1.,  0.]]), array([3, 7, 3, ..., 8, 9, 8])), and kwargs: {}
INFO:root:Ran with args: (<Examples.BestPractices.unit_test_and_logging_for_data_science.TheAlgorithm object at 0x000002B889996C50>,), and kwargs: {}
INFO:root:Ran with args: (<Examples.BestPractices.unit_test_and_logging_for_data_science.TheAlgorithm object at 0x000002B889996C50>,), and kwargs: {}
INFO:root:Ran with args: (<Examples.BestPractices.unit_test_and_logging_for_data_science.TheAlgorithm object at 0x000002B88A1BC400>, array([[ 0.,  0.,  5., ...,  0.,  0.,  0.],
       [ 0.,  0.,  0., ..., 10.,  0.,  0.],
       [ 0.,  0.,  0., ..., 16.,  9.,  0.],
       ...,
       [ 0.,  0.,  0., ..., 13.,  3.,  0.],
       [ 0.,  0.,  0., ..., 15.,  5.,  0.],
       [ 0.,  1., 10., ..., 10.,  0.,  0.]]), array([0, 1, 2, 3, 4, 5, 6, 7, 8, 9, 0, 1, 2, 3, 4, 5, 6, 7, 8, 9, 0, 1,
       2, 3, 4, 5, 6, 7, 8, 9, 0, 9, 5, 5, 6, 5, 0, 9, 8, 9, 8, 4, 1, 7,
       7, 3, 5, 1, 0, 0, 2, 2, 7, 8, 2, 0, 1, 2, 6, 3]), array([[ 0.,  0., 10., ..., 11.,  2.,  0.],
       [ 0.,  0.,  6., ...,  0.,  0.,  0.],
       [ 0.,  0., 14., ..., 10.,  1.,  0.],
       ...,
       [ 0.,  0.,  1., ...,  6.,  0.,  0.],
       [ 0.,  0.,  2., ..., 12.,  0.,  0.],
       [ 0.,  0., 10., ..., 12.,  1.,  0.]]), array([3, 7, 3, ..., 8, 9, 8])), and kwargs: {}
INFO:root:Ran with args: (<Examples.BestPractices.unit_test_and_logging_for_data_science.TheAlgorithm object at 0x000002B88A1BC400>,), and kwargs: {}
INFO:root:Ran with args: (<Examples.BestPractices.unit_test_and_logging_for_data_science.TheAlgorithm object at 0x000002B89359E390>, array([[ 0.,  0.,  5., ...,  0.,  0.,  0.],
       [ 0.,  0.,  0., ..., 10.,  0.,  0.],
       [ 0.,  0.,  0., ..., 16.,  9.,  0.],
       ...,
       [ 0.,  0.,  0., ..., 13.,  3.,  0.],
       [ 0.,  0.,  0., ..., 15.,  5.,  0.],
       [ 0.,  1., 10., ..., 10.,  0.,  0.]]), array([0, 1, 2, 3, 4, 5, 6, 7, 8, 9, 0, 1, 2, 3, 4, 5, 6, 7, 8, 9, 0, 1,
       2, 3, 4, 5, 6, 7, 8, 9, 0, 9, 5, 5, 6, 5, 0, 9, 8, 9, 8, 4, 1, 7,
       7, 3, 5, 1, 0, 0, 2, 2, 7, 8, 2, 0, 1, 2, 6, 3]), array([[ 0.,  0., 10., ..., 11.,  2.,  0.],
       [ 0.,  0.,  6., ...,  0.,  0.,  0.],
       [ 0.,  0., 14., ..., 10.,  1.,  0.],
       ...,
       [ 0.,  0.,  1., ...,  6.,  0.,  0.],
       [ 0.,  0.,  2., ..., 12.,  0.,  0.],
       [ 0.,  0., 10., ..., 12.,  1.,  0.]]), array([3, 7, 3, ..., 8, 9, 8])), and kwargs: {}
INFO:root:Ran with args: (<Examples.BestPractices.unit_test_and_logging_for_data_science.TheAlgorithm object at 0x000002B89359E390>,), and kwargs: {}
INFO:root:Ran with args: (<Examples.BestPractices.unit_test_and_logging_for_data_science.TheAlgorithm object at 0x000002B89359E390>,), and kwargs: {}
INFO:root:Ran with args: (<Examples.BestPractices.unit_test_and_logging_for_data_science.TheAlgorithm object at 0x00000232E54E6C50>, array([[ 0.,  0.,  5., ...,  0.,  0.,  0.],
       [ 0.,  0.,  0., ..., 10.,  0.,  0.],
       [ 0.,  0.,  0., ..., 16.,  9.,  0.],
       ...,
       [ 0.,  0.,  0., ..., 13.,  3.,  0.],
       [ 0.,  0.,  0., ..., 15.,  5.,  0.],
       [ 0.,  1., 10., ..., 10.,  0.,  0.]]), array([0, 1, 2, 3, 4, 5, 6, 7, 8, 9, 0, 1, 2, 3, 4, 5, 6, 7, 8, 9, 0, 1,
       2, 3, 4, 5, 6, 7, 8, 9, 0, 9, 5, 5, 6, 5, 0, 9, 8, 9, 8, 4, 1, 7,
       7, 3, 5, 1, 0, 0, 2, 2, 7, 8, 2, 0, 1, 2, 6, 3]), array([[ 0.,  0., 10., ..., 11.,  2.,  0.],
       [ 0.,  0.,  6., ...,  0.,  0.,  0.],
       [ 0.,  0., 14., ..., 10.,  1.,  0.],
       ...,
       [ 0.,  0.,  1., ...,  6.,  0.,  0.],
       [ 0.,  0.,  2., ..., 12.,  0.,  0.],
       [ 0.,  0., 10., ..., 12.,  1.,  0.]]), array([3, 7, 3, ..., 8, 9, 8])), and kwargs: {}
INFO:root:Ran with args: (<Examples.BestPractices.unit_test_and_logging_for_data_science.TheAlgorithm object at 0x00000232E54E6C50>,), and kwargs: {}
INFO:root:Ran with args: (<Examples.BestPractices.unit_test_and_logging_for_data_science.TheAlgorithm object at 0x00000232E54E6C50>,), and kwargs: {}
INFO:root:Ran with args: (<Examples.BestPractices.unit_test_and_logging_for_data_science.TheAlgorithm object at 0x00000261087A6C50>, array([[ 0.,  0.,  5., ...,  0.,  0.,  0.],
       [ 0.,  0.,  0., ..., 10.,  0.,  0.],
       [ 0.,  0.,  0., ..., 16.,  9.,  0.],
       ...,
       [ 0.,  0.,  0., ..., 13.,  3.,  0.],
       [ 0.,  0.,  0., ..., 15.,  5.,  0.],
       [ 0.,  1., 10., ..., 10.,  0.,  0.]]), array([0, 1, 2, 3, 4, 5, 6, 7, 8, 9, 0, 1, 2, 3, 4, 5, 6, 7, 8, 9, 0, 1,
       2, 3, 4, 5, 6, 7, 8, 9, 0, 9, 5, 5, 6, 5, 0, 9, 8, 9, 8, 4, 1, 7,
       7, 3, 5, 1, 0, 0, 2, 2, 7, 8, 2, 0, 1, 2, 6, 3]), array([[ 0.,  0., 10., ..., 11.,  2.,  0.],
       [ 0.,  0.,  6., ...,  0.,  0.,  0.],
       [ 0.,  0., 14., ..., 10.,  1.,  0.],
       ...,
       [ 0.,  0.,  1., ...,  6.,  0.,  0.],
       [ 0.,  0.,  2., ..., 12.,  0.,  0.],
       [ 0.,  0., 10., ..., 12.,  1.,  0.]]), array([3, 7, 3, ..., 8, 9, 8])), and kwargs: {}
INFO:root:Ran with args: (<Examples.BestPractices.unit_test_and_logging_for_data_science.TheAlgorithm object at 0x00000261087A6C50>,), and kwargs: {}
INFO:root:Ran with args: (<Examples.BestPractices.unit_test_and_logging_for_data_science.TheAlgorithm object at 0x00000261087A6C50>,), and kwargs: {}
INFO:root:Ran with args: (<Examples.BestPractices.unit_test_and_logging_for_data_science.TheAlgorithm object at 0x000001CC887B6C50>, array([[ 0.,  0.,  5., ...,  0.,  0.,  0.],
       [ 0.,  0.,  0., ..., 10.,  0.,  0.],
       [ 0.,  0.,  0., ..., 16.,  9.,  0.],
       ...,
       [ 0.,  0.,  0., ..., 13.,  3.,  0.],
       [ 0.,  0.,  0., ..., 15.,  5.,  0.],
       [ 0.,  1., 10., ..., 10.,  0.,  0.]]), array([0, 1, 2, 3, 4, 5, 6, 7, 8, 9, 0, 1, 2, 3, 4, 5, 6, 7, 8, 9, 0, 1,
       2, 3, 4, 5, 6, 7, 8, 9, 0, 9, 5, 5, 6, 5, 0, 9, 8, 9, 8, 4, 1, 7,
       7, 3, 5, 1, 0, 0, 2, 2, 7, 8, 2, 0, 1, 2, 6, 3]), array([[ 0.,  0., 10., ..., 11.,  2.,  0.],
       [ 0.,  0.,  6., ...,  0.,  0.,  0.],
       [ 0.,  0., 14., ..., 10.,  1.,  0.],
       ...,
       [ 0.,  0.,  1., ...,  6.,  0.,  0.],
       [ 0.,  0.,  2., ..., 12.,  0.,  0.],
       [ 0.,  0., 10., ..., 12.,  1.,  0.]]), array([3, 7, 3, ..., 8, 9, 8])), and kwargs: {}
INFO:root:Ran with args: (<Examples.BestPractices.unit_test_and_logging_for_data_science.TheAlgorithm object at 0x000001CC887B6C50>,), and kwargs: {}
INFO:root:Ran with args: (<Examples.BestPractices.unit_test_and_logging_for_data_science.TheAlgorithm object at 0x000001CC887B6C50>,), and kwargs: {}
INFO:root:Ran with args: (<Examples.BestPractices.unit_test_and_logging_for_data_science.TheAlgorithm object at 0x000001D9C7A56C50>, array([[ 0.,  0.,  5., ...,  0.,  0.,  0.],
       [ 0.,  0.,  0., ..., 10.,  0.,  0.],
       [ 0.,  0.,  0., ..., 16.,  9.,  0.],
       ...,
       [ 0.,  0.,  0., ..., 13.,  3.,  0.],
       [ 0.,  0.,  0., ..., 15.,  5.,  0.],
       [ 0.,  1., 10., ..., 10.,  0.,  0.]]), array([0, 1, 2, 3, 4, 5, 6, 7, 8, 9, 0, 1, 2, 3, 4, 5, 6, 7, 8, 9, 0, 1,
       2, 3, 4, 5, 6, 7, 8, 9, 0, 9, 5, 5, 6, 5, 0, 9, 8, 9, 8, 4, 1, 7,
       7, 3, 5, 1, 0, 0, 2, 2, 7, 8, 2, 0, 1, 2, 6, 3]), array([[ 0.,  0., 10., ..., 11.,  2.,  0.],
       [ 0.,  0.,  6., ...,  0.,  0.,  0.],
       [ 0.,  0., 14., ..., 10.,  1.,  0.],
       ...,
       [ 0.,  0.,  1., ...,  6.,  0.,  0.],
       [ 0.,  0.,  2., ..., 12.,  0.,  0.],
       [ 0.,  0., 10., ..., 12.,  1.,  0.]]), array([3, 7, 3, ..., 8, 9, 8])), and kwargs: {}
INFO:root:Ran with args: (<Examples.BestPractices.unit_test_and_logging_for_data_science.TheAlgorithm object at 0x000001D9C7A56C50>,), and kwargs: {}
INFO:root:Ran with args: (<Examples.BestPractices.unit_test_and_logging_for_data_science.TheAlgorithm object at 0x000001D9C7A56C50>,), and kwargs: {}
INFO:root:Ran with args: (<Examples.BestPractices.unit_test_and_logging_for_data_science.TheAlgorithm object at 0x0000011F1FFA6C50>, array([[ 0.,  0.,  5., ...,  0.,  0.,  0.],
       [ 0.,  0.,  0., ..., 10.,  0.,  0.],
       [ 0.,  0.,  0., ..., 16.,  9.,  0.],
       ...,
       [ 0.,  0.,  0., ..., 13.,  3.,  0.],
       [ 0.,  0.,  0., ..., 15.,  5.,  0.],
       [ 0.,  1., 10., ..., 10.,  0.,  0.]]), array([0, 1, 2, 3, 4, 5, 6, 7, 8, 9, 0, 1, 2, 3, 4, 5, 6, 7, 8, 9, 0, 1,
       2, 3, 4, 5, 6, 7, 8, 9, 0, 9, 5, 5, 6, 5, 0, 9, 8, 9, 8, 4, 1, 7,
       7, 3, 5, 1, 0, 0, 2, 2, 7, 8, 2, 0, 1, 2, 6, 3]), array([[ 0.,  0., 10., ..., 11.,  2.,  0.],
       [ 0.,  0.,  6., ...,  0.,  0.,  0.],
       [ 0.,  0., 14., ..., 10.,  1.,  0.],
       ...,
       [ 0.,  0.,  1., ...,  6.,  0.,  0.],
       [ 0.,  0.,  2., ..., 12.,  0.,  0.],
       [ 0.,  0., 10., ..., 12.,  1.,  0.]]), array([3, 7, 3, ..., 8, 9, 8])), and kwargs: {}
INFO:root:Ran with args: (<Examples.BestPractices.unit_test_and_logging_for_data_science.TheAlgorithm object at 0x0000011F1FFA6C50>,), and kwargs: {}
INFO:root:Ran with args: (<Examples.BestPractices.unit_test_and_logging_for_data_science.TheAlgorithm object at 0x0000011F1FFA6C50>,), and kwargs: {}
INFO:root:Ran with args: (<Examples.BestPractices.unit_test_and_logging_for_data_science.TheAlgorithm object at 0x0000011F207DD390>, array([[ 0.,  0.,  5., ...,  0.,  0.,  0.],
       [ 0.,  0.,  0., ..., 10.,  0.,  0.],
       [ 0.,  0.,  0., ..., 16.,  9.,  0.],
       ...,
       [ 0.,  0.,  0., ..., 13.,  3.,  0.],
       [ 0.,  0.,  0., ..., 15.,  5.,  0.],
       [ 0.,  1., 10., ..., 10.,  0.,  0.]]), array([0, 1, 2, 3, 4, 5, 6, 7, 8, 9, 0, 1, 2, 3, 4, 5, 6, 7, 8, 9, 0, 1,
       2, 3, 4, 5, 6, 7, 8, 9, 0, 9, 5, 5, 6, 5, 0, 9, 8, 9, 8, 4, 1, 7,
       7, 3, 5, 1, 0, 0, 2, 2, 7, 8, 2, 0, 1, 2, 6, 3]), array([[ 0.,  0., 10., ..., 11.,  2.,  0.],
       [ 0.,  0.,  6., ...,  0.,  0.,  0.],
       [ 0.,  0., 14., ..., 10.,  1.,  0.],
       ...,
       [ 0.,  0.,  1., ...,  6.,  0.,  0.],
       [ 0.,  0.,  2., ..., 12.,  0.,  0.],
       [ 0.,  0., 10., ..., 12.,  1.,  0.]]), array([3, 7, 3, ..., 8, 9, 8])), and kwargs: {}
INFO:root:Ran with args: (<Examples.BestPractices.unit_test_and_logging_for_data_science.TheAlgorithm object at 0x0000011F207DD390>,), and kwargs: {}
INFO:root:Ran with args: (<Examples.BestPractices.unit_test_and_logging_for_data_science.TheAlgorithm object at 0x0000011F29BBF390>, array([[ 0.,  0.,  5., ...,  0.,  0.,  0.],
       [ 0.,  0.,  0., ..., 10.,  0.,  0.],
       [ 0.,  0.,  0., ..., 16.,  9.,  0.],
       ...,
       [ 0.,  0.,  0., ..., 13.,  3.,  0.],
       [ 0.,  0.,  0., ..., 15.,  5.,  0.],
       [ 0.,  1., 10., ..., 10.,  0.,  0.]]), array([0, 1, 2, 3, 4, 5, 6, 7, 8, 9, 0, 1, 2, 3, 4, 5, 6, 7, 8, 9, 0, 1,
       2, 3, 4, 5, 6, 7, 8, 9, 0, 9, 5, 5, 6, 5, 0, 9, 8, 9, 8, 4, 1, 7,
       7, 3, 5, 1, 0, 0, 2, 2, 7, 8, 2, 0, 1, 2, 6, 3]), array([[ 0.,  0., 10., ..., 11.,  2.,  0.],
       [ 0.,  0.,  6., ...,  0.,  0.,  0.],
       [ 0.,  0., 14., ..., 10.,  1.,  0.],
       ...,
       [ 0.,  0.,  1., ...,  6.,  0.,  0.],
       [ 0.,  0.,  2., ..., 12.,  0.,  0.],
       [ 0.,  0., 10., ..., 12.,  1.,  0.]]), array([3, 7, 3, ..., 8, 9, 8])), and kwargs: {}
INFO:root:Ran with args: (<Examples.BestPractices.unit_test_and_logging_for_data_science.TheAlgorithm object at 0x0000011F29BBF390>,), and kwargs: {}
INFO:root:Ran with args: (<Examples.BestPractices.unit_test_and_logging_for_data_science.TheAlgorithm object at 0x0000011F29BBF390>,), and kwargs: {}
INFO:root:Ran with args: (<Examples.BestPractices.unit_test_and_logging_for_data_science.TheAlgorithm object at 0x0000018857C76C50>, array([[ 0.,  0.,  5., ...,  0.,  0.,  0.],
       [ 0.,  0.,  0., ..., 10.,  0.,  0.],
       [ 0.,  0.,  0., ..., 16.,  9.,  0.],
       ...,
       [ 0.,  0.,  0., ..., 13.,  3.,  0.],
       [ 0.,  0.,  0., ..., 15.,  5.,  0.],
       [ 0.,  1., 10., ..., 10.,  0.,  0.]]), array([0, 1, 2, 3, 4, 5, 6, 7, 8, 9, 0, 1, 2, 3, 4, 5, 6, 7, 8, 9, 0, 1,
       2, 3, 4, 5, 6, 7, 8, 9, 0, 9, 5, 5, 6, 5, 0, 9, 8, 9, 8, 4, 1, 7,
       7, 3, 5, 1, 0, 0, 2, 2, 7, 8, 2, 0, 1, 2, 6, 3]), array([[ 0.,  0., 10., ..., 11.,  2.,  0.],
       [ 0.,  0.,  6., ...,  0.,  0.,  0.],
       [ 0.,  0., 14., ..., 10.,  1.,  0.],
       ...,
       [ 0.,  0.,  1., ...,  6.,  0.,  0.],
       [ 0.,  0.,  2., ..., 12.,  0.,  0.],
       [ 0.,  0., 10., ..., 12.,  1.,  0.]]), array([3, 7, 3, ..., 8, 9, 8])), and kwargs: {}
INFO:root:Ran with args: (<Examples.BestPractices.unit_test_and_logging_for_data_science.TheAlgorithm object at 0x0000018857C76C50>,), and kwargs: {}
INFO:root:Ran with args: (<Examples.BestPractices.unit_test_and_logging_for_data_science.TheAlgorithm object at 0x0000018857C76C50>,), and kwargs: {}
INFO:root:Ran with args: (<Examples.BestPractices.unit_test_and_logging_for_data_science.TheAlgorithm object at 0x000001B8B15A6BE0>, array([[ 0.,  0.,  5., ...,  0.,  0.,  0.],
       [ 0.,  0.,  0., ..., 10.,  0.,  0.],
       [ 0.,  0.,  0., ..., 16.,  9.,  0.],
       ...,
       [ 0.,  0.,  0., ..., 13.,  3.,  0.],
       [ 0.,  0.,  0., ..., 15.,  5.,  0.],
       [ 0.,  1., 10., ..., 10.,  0.,  0.]]), array([0, 1, 2, 3, 4, 5, 6, 7, 8, 9, 0, 1, 2, 3, 4, 5, 6, 7, 8, 9, 0, 1,
       2, 3, 4, 5, 6, 7, 8, 9, 0, 9, 5, 5, 6, 5, 0, 9, 8, 9, 8, 4, 1, 7,
       7, 3, 5, 1, 0, 0, 2, 2, 7, 8, 2, 0, 1, 2, 6, 3]), array([[ 0.,  0., 10., ..., 11.,  2.,  0.],
       [ 0.,  0.,  6., ...,  0.,  0.,  0.],
       [ 0.,  0., 14., ..., 10.,  1.,  0.],
       ...,
       [ 0.,  0.,  1., ...,  6.,  0.,  0.],
       [ 0.,  0.,  2., ..., 12.,  0.,  0.],
       [ 0.,  0., 10., ..., 12.,  1.,  0.]]), array([3, 7, 3, ..., 8, 9, 8])), and kwargs: {}
INFO:root:Ran with args: (<Examples.BestPractices.unit_test_and_logging_for_data_science.TheAlgorithm object at 0x000001B8B15A6BE0>,), and kwargs: {}
INFO:root:Ran with args: (<Examples.BestPractices.unit_test_and_logging_for_data_science.TheAlgorithm object at 0x000001B8B15A6BE0>,), and kwargs: {}
INFO:root:Ran with args: (<Examples.BestPractices.unit_test_and_logging_for_data_science.TheAlgorithm object at 0x000001CF3EEF6C50>, array([[ 0.,  0.,  5., ...,  0.,  0.,  0.],
       [ 0.,  0.,  0., ..., 10.,  0.,  0.],
       [ 0.,  0.,  0., ..., 16.,  9.,  0.],
       ...,
       [ 0.,  0.,  0., ..., 13.,  3.,  0.],
       [ 0.,  0.,  0., ..., 15.,  5.,  0.],
       [ 0.,  1., 10., ..., 10.,  0.,  0.]]), array([0, 1, 2, 3, 4, 5, 6, 7, 8, 9, 0, 1, 2, 3, 4, 5, 6, 7, 8, 9, 0, 1,
       2, 3, 4, 5, 6, 7, 8, 9, 0, 9, 5, 5, 6, 5, 0, 9, 8, 9, 8, 4, 1, 7,
       7, 3, 5, 1, 0, 0, 2, 2, 7, 8, 2, 0, 1, 2, 6, 3]), array([[ 0.,  0., 10., ..., 11.,  2.,  0.],
       [ 0.,  0.,  6., ...,  0.,  0.,  0.],
       [ 0.,  0., 14., ..., 10.,  1.,  0.],
       ...,
       [ 0.,  0.,  1., ...,  6.,  0.,  0.],
       [ 0.,  0.,  2., ..., 12.,  0.,  0.],
       [ 0.,  0., 10., ..., 12.,  1.,  0.]]), array([3, 7, 3, ..., 8, 9, 8])), and kwargs: {}
INFO:root:Ran with args: (<Examples.BestPractices.unit_test_and_logging_for_data_science.TheAlgorithm object at 0x000001CF3EEF6C50>,), and kwargs: {}
INFO:root:Ran with args: (<Examples.BestPractices.unit_test_and_logging_for_data_science.TheAlgorithm object at 0x000001CF3EEF6C50>,), and kwargs: {}
INFO:root:Ran with args: (<Examples.BestPractices.unit_test_and_logging_for_data_science.TheAlgorithm object at 0x000001F6A5E86C50>, array([[ 0.,  0.,  5., ...,  0.,  0.,  0.],
       [ 0.,  0.,  0., ..., 10.,  0.,  0.],
       [ 0.,  0.,  0., ..., 16.,  9.,  0.],
       ...,
       [ 0.,  0.,  0., ..., 13.,  3.,  0.],
       [ 0.,  0.,  0., ..., 15.,  5.,  0.],
       [ 0.,  1., 10., ..., 10.,  0.,  0.]]), array([0, 1, 2, 3, 4, 5, 6, 7, 8, 9, 0, 1, 2, 3, 4, 5, 6, 7, 8, 9, 0, 1,
       2, 3, 4, 5, 6, 7, 8, 9, 0, 9, 5, 5, 6, 5, 0, 9, 8, 9, 8, 4, 1, 7,
       7, 3, 5, 1, 0, 0, 2, 2, 7, 8, 2, 0, 1, 2, 6, 3]), array([[ 0.,  0., 10., ..., 11.,  2.,  0.],
       [ 0.,  0.,  6., ...,  0.,  0.,  0.],
       [ 0.,  0., 14., ..., 10.,  1.,  0.],
       ...,
       [ 0.,  0.,  1., ...,  6.,  0.,  0.],
       [ 0.,  0.,  2., ..., 12.,  0.,  0.],
       [ 0.,  0., 10., ..., 12.,  1.,  0.]]), array([3, 7, 3, ..., 8, 9, 8])), and kwargs: {}
INFO:root:Ran with args: (<Examples.BestPractices.unit_test_and_logging_for_data_science.TheAlgorithm object at 0x000001F6A5E86C50>,), and kwargs: {}
INFO:root:Ran with args: (<Examples.BestPractices.unit_test_and_logging_for_data_science.TheAlgorithm object at 0x000001F6A5E86C50>,), and kwargs: {}
INFO:root:Ran with args: (<Examples.BestPractices.unit_test_and_logging_for_data_science.TheAlgorithm object at 0x0000016591616C50>, array([[ 0.,  0.,  5., ...,  0.,  0.,  0.],
       [ 0.,  0.,  0., ..., 10.,  0.,  0.],
       [ 0.,  0.,  0., ..., 16.,  9.,  0.],
       ...,
       [ 0.,  0.,  0., ..., 13.,  3.,  0.],
       [ 0.,  0.,  0., ..., 15.,  5.,  0.],
       [ 0.,  1., 10., ..., 10.,  0.,  0.]]), array([0, 1, 2, 3, 4, 5, 6, 7, 8, 9, 0, 1, 2, 3, 4, 5, 6, 7, 8, 9, 0, 1,
       2, 3, 4, 5, 6, 7, 8, 9, 0, 9, 5, 5, 6, 5, 0, 9, 8, 9, 8, 4, 1, 7,
       7, 3, 5, 1, 0, 0, 2, 2, 7, 8, 2, 0, 1, 2, 6, 3]), array([[ 0.,  0., 10., ..., 11.,  2.,  0.],
       [ 0.,  0.,  6., ...,  0.,  0.,  0.],
       [ 0.,  0., 14., ..., 10.,  1.,  0.],
       ...,
       [ 0.,  0.,  1., ...,  6.,  0.,  0.],
       [ 0.,  0.,  2., ..., 12.,  0.,  0.],
       [ 0.,  0., 10., ..., 12.,  1.,  0.]]), array([3, 7, 3, ..., 8, 9, 8])), and kwargs: {}
INFO:root:Ran with args: (<Examples.BestPractices.unit_test_and_logging_for_data_science.TheAlgorithm object at 0x0000016591616C50>,), and kwargs: {}
INFO:root:Ran with args: (<Examples.BestPractices.unit_test_and_logging_for_data_science.TheAlgorithm object at 0x0000016591616C50>,), and kwargs: {}
INFO:root:Ran with args: (<Examples.BestPractices.unit_test_and_logging_for_data_science.TheAlgorithm object at 0x000001ADDE376BE0>, array([[ 0.,  0.,  5., ...,  0.,  0.,  0.],
       [ 0.,  0.,  0., ..., 10.,  0.,  0.],
       [ 0.,  0.,  0., ..., 16.,  9.,  0.],
       ...,
       [ 0.,  0.,  0., ..., 13.,  3.,  0.],
       [ 0.,  0.,  0., ..., 15.,  5.,  0.],
       [ 0.,  1., 10., ..., 10.,  0.,  0.]]), array([0, 1, 2, 3, 4, 5, 6, 7, 8, 9, 0, 1, 2, 3, 4, 5, 6, 7, 8, 9, 0, 1,
       2, 3, 4, 5, 6, 7, 8, 9, 0, 9, 5, 5, 6, 5, 0, 9, 8, 9, 8, 4, 1, 7,
       7, 3, 5, 1, 0, 0, 2, 2, 7, 8, 2, 0, 1, 2, 6, 3]), array([[ 0.,  0., 10., ..., 11.,  2.,  0.],
       [ 0.,  0.,  6., ...,  0.,  0.,  0.],
       [ 0.,  0., 14., ..., 10.,  1.,  0.],
       ...,
       [ 0.,  0.,  1., ...,  6.,  0.,  0.],
       [ 0.,  0.,  2., ..., 12.,  0.,  0.],
       [ 0.,  0., 10., ..., 12.,  1.,  0.]]), array([3, 7, 3, ..., 8, 9, 8])), and kwargs: {}
INFO:root:Ran with args: (<Examples.BestPractices.unit_test_and_logging_for_data_science.TheAlgorithm object at 0x000001ADDE376BE0>,), and kwargs: {}
INFO:root:Ran with args: (<Examples.BestPractices.unit_test_and_logging_for_data_science.TheAlgorithm object at 0x000001ADDE376BE0>,), and kwargs: {}
INFO:root:Ran with args: (<Examples.BestPractices.unit_test_and_logging_for_data_science.TheAlgorithm object at 0x000001ADDEBCE320>, array([[ 0.,  0.,  5., ...,  0.,  0.,  0.],
       [ 0.,  0.,  0., ..., 10.,  0.,  0.],
       [ 0.,  0.,  0., ..., 16.,  9.,  0.],
       ...,
       [ 0.,  0.,  0., ..., 13.,  3.,  0.],
       [ 0.,  0.,  0., ..., 15.,  5.,  0.],
       [ 0.,  1., 10., ..., 10.,  0.,  0.]]), array([0, 1, 2, 3, 4, 5, 6, 7, 8, 9, 0, 1, 2, 3, 4, 5, 6, 7, 8, 9, 0, 1,
       2, 3, 4, 5, 6, 7, 8, 9, 0, 9, 5, 5, 6, 5, 0, 9, 8, 9, 8, 4, 1, 7,
       7, 3, 5, 1, 0, 0, 2, 2, 7, 8, 2, 0, 1, 2, 6, 3]), array([[ 0.,  0., 10., ..., 11.,  2.,  0.],
       [ 0.,  0.,  6., ...,  0.,  0.,  0.],
       [ 0.,  0., 14., ..., 10.,  1.,  0.],
       ...,
       [ 0.,  0.,  1., ...,  6.,  0.,  0.],
       [ 0.,  0.,  2., ..., 12.,  0.,  0.],
       [ 0.,  0., 10., ..., 12.,  1.,  0.]]), array([3, 7, 3, ..., 8, 9, 8])), and kwargs: {}
INFO:root:Ran with args: (<Examples.BestPractices.unit_test_and_logging_for_data_science.TheAlgorithm object at 0x000001ADDEBCE320>,), and kwargs: {}
INFO:root:Ran with args: (<Examples.BestPractices.unit_test_and_logging_for_data_science.TheAlgorithm object at 0x000001ADE7FAF320>, array([[ 0.,  0.,  5., ...,  0.,  0.,  0.],
       [ 0.,  0.,  0., ..., 10.,  0.,  0.],
       [ 0.,  0.,  0., ..., 16.,  9.,  0.],
       ...,
       [ 0.,  0.,  0., ..., 13.,  3.,  0.],
       [ 0.,  0.,  0., ..., 15.,  5.,  0.],
       [ 0.,  1., 10., ..., 10.,  0.,  0.]]), array([0, 1, 2, 3, 4, 5, 6, 7, 8, 9, 0, 1, 2, 3, 4, 5, 6, 7, 8, 9, 0, 1,
       2, 3, 4, 5, 6, 7, 8, 9, 0, 9, 5, 5, 6, 5, 0, 9, 8, 9, 8, 4, 1, 7,
       7, 3, 5, 1, 0, 0, 2, 2, 7, 8, 2, 0, 1, 2, 6, 3]), array([[ 0.,  0., 10., ..., 11.,  2.,  0.],
       [ 0.,  0.,  6., ...,  0.,  0.,  0.],
       [ 0.,  0., 14., ..., 10.,  1.,  0.],
       ...,
       [ 0.,  0.,  1., ...,  6.,  0.,  0.],
       [ 0.,  0.,  2., ..., 12.,  0.,  0.],
       [ 0.,  0., 10., ..., 12.,  1.,  0.]]), array([3, 7, 3, ..., 8, 9, 8])), and kwargs: {}
INFO:root:Ran with args: (<Examples.BestPractices.unit_test_and_logging_for_data_science.TheAlgorithm object at 0x000001ADE7FAF320>,), and kwargs: {}
INFO:root:Ran with args: (<Examples.BestPractices.unit_test_and_logging_for_data_science.TheAlgorithm object at 0x000001ADE7FAF320>,), and kwargs: {}
INFO:root:Ran with args: (<Examples.BestPractices.unit_test_and_logging_for_data_science.TheAlgorithm object at 0x00000240381C6C50>, array([[ 0.,  0.,  5., ...,  0.,  0.,  0.],
       [ 0.,  0.,  0., ..., 10.,  0.,  0.],
       [ 0.,  0.,  0., ..., 16.,  9.,  0.],
       ...,
       [ 0.,  0.,  0., ..., 13.,  3.,  0.],
       [ 0.,  0.,  0., ..., 15.,  5.,  0.],
       [ 0.,  1., 10., ..., 10.,  0.,  0.]]), array([0, 1, 2, 3, 4, 5, 6, 7, 8, 9, 0, 1, 2, 3, 4, 5, 6, 7, 8, 9, 0, 1,
       2, 3, 4, 5, 6, 7, 8, 9, 0, 9, 5, 5, 6, 5, 0, 9, 8, 9, 8, 4, 1, 7,
       7, 3, 5, 1, 0, 0, 2, 2, 7, 8, 2, 0, 1, 2, 6, 3]), array([[ 0.,  0., 10., ..., 11.,  2.,  0.],
       [ 0.,  0.,  6., ...,  0.,  0.,  0.],
       [ 0.,  0., 14., ..., 10.,  1.,  0.],
       ...,
       [ 0.,  0.,  1., ...,  6.,  0.,  0.],
       [ 0.,  0.,  2., ..., 12.,  0.,  0.],
       [ 0.,  0., 10., ..., 12.,  1.,  0.]]), array([3, 7, 3, ..., 8, 9, 8])), and kwargs: {}
INFO:root:Ran with args: (<Examples.BestPractices.unit_test_and_logging_for_data_science.TheAlgorithm object at 0x00000240381C6C50>,), and kwargs: {}
INFO:root:Ran with args: (<Examples.BestPractices.unit_test_and_logging_for_data_science.TheAlgorithm object at 0x00000240381C6C50>,), and kwargs: {}
INFO:root:Ran with args: (<Examples.BestPractices.unit_test_and_logging_for_data_science.TheAlgorithm object at 0x0000024038A2D3C8>, array([[ 0.,  0.,  5., ...,  0.,  0.,  0.],
       [ 0.,  0.,  0., ..., 10.,  0.,  0.],
       [ 0.,  0.,  0., ..., 16.,  9.,  0.],
       ...,
       [ 0.,  0.,  0., ..., 13.,  3.,  0.],
       [ 0.,  0.,  0., ..., 15.,  5.,  0.],
       [ 0.,  1., 10., ..., 10.,  0.,  0.]]), array([0, 1, 2, 3, 4, 5, 6, 7, 8, 9, 0, 1, 2, 3, 4, 5, 6, 7, 8, 9, 0, 1,
       2, 3, 4, 5, 6, 7, 8, 9, 0, 9, 5, 5, 6, 5, 0, 9, 8, 9, 8, 4, 1, 7,
       7, 3, 5, 1, 0, 0, 2, 2, 7, 8, 2, 0, 1, 2, 6, 3]), array([[ 0.,  0., 10., ..., 11.,  2.,  0.],
       [ 0.,  0.,  6., ...,  0.,  0.,  0.],
       [ 0.,  0., 14., ..., 10.,  1.,  0.],
       ...,
       [ 0.,  0.,  1., ...,  6.,  0.,  0.],
       [ 0.,  0.,  2., ..., 12.,  0.,  0.],
       [ 0.,  0., 10., ..., 12.,  1.,  0.]]), array([3, 7, 3, ..., 8, 9, 8])), and kwargs: {}
INFO:root:Ran with args: (<Examples.BestPractices.unit_test_and_logging_for_data_science.TheAlgorithm object at 0x0000024038A2D3C8>,), and kwargs: {}
INFO:root:Ran with args: (<Examples.BestPractices.unit_test_and_logging_for_data_science.TheAlgorithm object at 0x0000024041E0E390>, array([[ 0.,  0.,  5., ...,  0.,  0.,  0.],
       [ 0.,  0.,  0., ..., 10.,  0.,  0.],
       [ 0.,  0.,  0., ..., 16.,  9.,  0.],
       ...,
       [ 0.,  0.,  0., ..., 13.,  3.,  0.],
       [ 0.,  0.,  0., ..., 15.,  5.,  0.],
       [ 0.,  1., 10., ..., 10.,  0.,  0.]]), array([0, 1, 2, 3, 4, 5, 6, 7, 8, 9, 0, 1, 2, 3, 4, 5, 6, 7, 8, 9, 0, 1,
       2, 3, 4, 5, 6, 7, 8, 9, 0, 9, 5, 5, 6, 5, 0, 9, 8, 9, 8, 4, 1, 7,
       7, 3, 5, 1, 0, 0, 2, 2, 7, 8, 2, 0, 1, 2, 6, 3]), array([[ 0.,  0., 10., ..., 11.,  2.,  0.],
       [ 0.,  0.,  6., ...,  0.,  0.,  0.],
       [ 0.,  0., 14., ..., 10.,  1.,  0.],
       ...,
       [ 0.,  0.,  1., ...,  6.,  0.,  0.],
       [ 0.,  0.,  2., ..., 12.,  0.,  0.],
       [ 0.,  0., 10., ..., 12.,  1.,  0.]]), array([3, 7, 3, ..., 8, 9, 8])), and kwargs: {}
INFO:root:Ran with args: (<Examples.BestPractices.unit_test_and_logging_for_data_science.TheAlgorithm object at 0x0000024041E0E390>,), and kwargs: {}
INFO:root:Ran with args: (<Examples.BestPractices.unit_test_and_logging_for_data_science.TheAlgorithm object at 0x000001EA28ED6C50>, array([[ 0.,  0.,  5., ...,  0.,  0.,  0.],
       [ 0.,  0.,  0., ..., 10.,  0.,  0.],
       [ 0.,  0.,  0., ..., 16.,  9.,  0.],
       ...,
       [ 0.,  0.,  0., ..., 13.,  3.,  0.],
       [ 0.,  0.,  0., ..., 15.,  5.,  0.],
       [ 0.,  1., 10., ..., 10.,  0.,  0.]]), array([0, 1, 2, 3, 4, 5, 6, 7, 8, 9, 0, 1, 2, 3, 4, 5, 6, 7, 8, 9, 0, 1,
       2, 3, 4, 5, 6, 7, 8, 9, 0, 9, 5, 5, 6, 5, 0, 9, 8, 9, 8, 4, 1, 7,
       7, 3, 5, 1, 0, 0, 2, 2, 7, 8, 2, 0, 1, 2, 6, 3]), array([[ 0.,  0., 10., ..., 11.,  2.,  0.],
       [ 0.,  0.,  6., ...,  0.,  0.,  0.],
       [ 0.,  0., 14., ..., 10.,  1.,  0.],
       ...,
       [ 0.,  0.,  1., ...,  6.,  0.,  0.],
       [ 0.,  0.,  2., ..., 12.,  0.,  0.],
       [ 0.,  0., 10., ..., 12.,  1.,  0.]]), array([3, 7, 3, ..., 8, 9, 8])), and kwargs: {}
INFO:root:Ran with args: (<Examples.BestPractices.unit_test_and_logging_for_data_science.TheAlgorithm object at 0x000001EA28ED6C50>,), and kwargs: {}
INFO:root:Ran with args: (<Examples.BestPractices.unit_test_and_logging_for_data_science.TheAlgorithm object at 0x000001EA28ED6C50>,), and kwargs: {}
INFO:root:Ran with args: (<Examples.BestPractices.unit_test_and_logging_for_data_science.TheAlgorithm object at 0x000001EA2970D390>, array([[ 0.,  0.,  5., ...,  0.,  0.,  0.],
       [ 0.,  0.,  0., ..., 10.,  0.,  0.],
       [ 0.,  0.,  0., ..., 16.,  9.,  0.],
       ...,
       [ 0.,  0.,  0., ..., 13.,  3.,  0.],
       [ 0.,  0.,  0., ..., 15.,  5.,  0.],
       [ 0.,  1., 10., ..., 10.,  0.,  0.]]), array([0, 1, 2, 3, 4, 5, 6, 7, 8, 9, 0, 1, 2, 3, 4, 5, 6, 7, 8, 9, 0, 1,
       2, 3, 4, 5, 6, 7, 8, 9, 0, 9, 5, 5, 6, 5, 0, 9, 8, 9, 8, 4, 1, 7,
       7, 3, 5, 1, 0, 0, 2, 2, 7, 8, 2, 0, 1, 2, 6, 3]), array([[ 0.,  0., 10., ..., 11.,  2.,  0.],
       [ 0.,  0.,  6., ...,  0.,  0.,  0.],
       [ 0.,  0., 14., ..., 10.,  1.,  0.],
       ...,
       [ 0.,  0.,  1., ...,  6.,  0.,  0.],
       [ 0.,  0.,  2., ..., 12.,  0.,  0.],
       [ 0.,  0., 10., ..., 12.,  1.,  0.]]), array([3, 7, 3, ..., 8, 9, 8])), and kwargs: {}
INFO:root:Ran with args: (<Examples.BestPractices.unit_test_and_logging_for_data_science.TheAlgorithm object at 0x000001EA2970D390>,), and kwargs: {}
INFO:root:Ran with args: (<Examples.BestPractices.unit_test_and_logging_for_data_science.TheAlgorithm object at 0x000001EA32AEE390>, array([[ 0.,  0.,  5., ...,  0.,  0.,  0.],
       [ 0.,  0.,  0., ..., 10.,  0.,  0.],
       [ 0.,  0.,  0., ..., 16.,  9.,  0.],
       ...,
       [ 0.,  0.,  0., ..., 13.,  3.,  0.],
       [ 0.,  0.,  0., ..., 15.,  5.,  0.],
       [ 0.,  1., 10., ..., 10.,  0.,  0.]]), array([0, 1, 2, 3, 4, 5, 6, 7, 8, 9, 0, 1, 2, 3, 4, 5, 6, 7, 8, 9, 0, 1,
       2, 3, 4, 5, 6, 7, 8, 9, 0, 9, 5, 5, 6, 5, 0, 9, 8, 9, 8, 4, 1, 7,
       7, 3, 5, 1, 0, 0, 2, 2, 7, 8, 2, 0, 1, 2, 6, 3]), array([[ 0.,  0., 10., ..., 11.,  2.,  0.],
       [ 0.,  0.,  6., ...,  0.,  0.,  0.],
       [ 0.,  0., 14., ..., 10.,  1.,  0.],
       ...,
       [ 0.,  0.,  1., ...,  6.,  0.,  0.],
       [ 0.,  0.,  2., ..., 12.,  0.,  0.],
       [ 0.,  0., 10., ..., 12.,  1.,  0.]]), array([3, 7, 3, ..., 8, 9, 8])), and kwargs: {}
INFO:root:Ran with args: (<Examples.BestPractices.unit_test_and_logging_for_data_science.TheAlgorithm object at 0x000001EA32AEE390>,), and kwargs: {}
INFO:root:Ran with args: (<Examples.BestPractices.unit_test_and_logging_for_data_science.TheAlgorithm object at 0x000001EA32AEE390>,), and kwargs: {}
INFO:root:Ran with args: (<Examples.BestPractices.unit_test_and_logging_for_data_science.TheAlgorithm object at 0x00000243B0A96C50>, array([[ 0.,  0.,  5., ...,  0.,  0.,  0.],
       [ 0.,  0.,  0., ..., 10.,  0.,  0.],
       [ 0.,  0.,  0., ..., 16.,  9.,  0.],
       ...,
       [ 0.,  0.,  0., ..., 13.,  3.,  0.],
       [ 0.,  0.,  0., ..., 15.,  5.,  0.],
       [ 0.,  1., 10., ..., 10.,  0.,  0.]]), array([0, 1, 2, 3, 4, 5, 6, 7, 8, 9, 0, 1, 2, 3, 4, 5, 6, 7, 8, 9, 0, 1,
       2, 3, 4, 5, 6, 7, 8, 9, 0, 9, 5, 5, 6, 5, 0, 9, 8, 9, 8, 4, 1, 7,
       7, 3, 5, 1, 0, 0, 2, 2, 7, 8, 2, 0, 1, 2, 6, 3]), array([[ 0.,  0., 10., ..., 11.,  2.,  0.],
       [ 0.,  0.,  6., ...,  0.,  0.,  0.],
       [ 0.,  0., 14., ..., 10.,  1.,  0.],
       ...,
       [ 0.,  0.,  1., ...,  6.,  0.,  0.],
       [ 0.,  0.,  2., ..., 12.,  0.,  0.],
       [ 0.,  0., 10., ..., 12.,  1.,  0.]]), array([3, 7, 3, ..., 8, 9, 8])), and kwargs: {}
INFO:root:Ran with args: (<Examples.BestPractices.unit_test_and_logging_for_data_science.TheAlgorithm object at 0x00000243B0A96C50>,), and kwargs: {}
INFO:root:Ran with args: (<Examples.BestPractices.unit_test_and_logging_for_data_science.TheAlgorithm object at 0x00000243B0A96C50>,), and kwargs: {}
INFO:root:Ran with args: (<Examples.BestPractices.unit_test_and_logging_for_data_science.TheAlgorithm object at 0x00000243B12ED358>, array([[ 0.,  0.,  5., ...,  0.,  0.,  0.],
       [ 0.,  0.,  0., ..., 10.,  0.,  0.],
       [ 0.,  0.,  0., ..., 16.,  9.,  0.],
       ...,
       [ 0.,  0.,  0., ..., 13.,  3.,  0.],
       [ 0.,  0.,  0., ..., 15.,  5.,  0.],
       [ 0.,  1., 10., ..., 10.,  0.,  0.]]), array([0, 1, 2, 3, 4, 5, 6, 7, 8, 9, 0, 1, 2, 3, 4, 5, 6, 7, 8, 9, 0, 1,
       2, 3, 4, 5, 6, 7, 8, 9, 0, 9, 5, 5, 6, 5, 0, 9, 8, 9, 8, 4, 1, 7,
       7, 3, 5, 1, 0, 0, 2, 2, 7, 8, 2, 0, 1, 2, 6, 3]), array([[ 0.,  0., 10., ..., 11.,  2.,  0.],
       [ 0.,  0.,  6., ...,  0.,  0.,  0.],
       [ 0.,  0., 14., ..., 10.,  1.,  0.],
       ...,
       [ 0.,  0.,  1., ...,  6.,  0.,  0.],
       [ 0.,  0.,  2., ..., 12.,  0.,  0.],
       [ 0.,  0., 10., ..., 12.,  1.,  0.]]), array([3, 7, 3, ..., 8, 9, 8])), and kwargs: {}
INFO:root:Ran with args: (<Examples.BestPractices.unit_test_and_logging_for_data_science.TheAlgorithm object at 0x00000243B12ED358>,), and kwargs: {}
INFO:root:Ran with args: (<Examples.BestPractices.unit_test_and_logging_for_data_science.TheAlgorithm object at 0x00000243BA6CE390>, array([[ 0.,  0.,  5., ...,  0.,  0.,  0.],
       [ 0.,  0.,  0., ..., 10.,  0.,  0.],
       [ 0.,  0.,  0., ..., 16.,  9.,  0.],
       ...,
       [ 0.,  0.,  0., ..., 13.,  3.,  0.],
       [ 0.,  0.,  0., ..., 15.,  5.,  0.],
       [ 0.,  1., 10., ..., 10.,  0.,  0.]]), array([0, 1, 2, 3, 4, 5, 6, 7, 8, 9, 0, 1, 2, 3, 4, 5, 6, 7, 8, 9, 0, 1,
       2, 3, 4, 5, 6, 7, 8, 9, 0, 9, 5, 5, 6, 5, 0, 9, 8, 9, 8, 4, 1, 7,
       7, 3, 5, 1, 0, 0, 2, 2, 7, 8, 2, 0, 1, 2, 6, 3]), array([[ 0.,  0., 10., ..., 11.,  2.,  0.],
       [ 0.,  0.,  6., ...,  0.,  0.,  0.],
       [ 0.,  0., 14., ..., 10.,  1.,  0.],
       ...,
       [ 0.,  0.,  1., ...,  6.,  0.,  0.],
       [ 0.,  0.,  2., ..., 12.,  0.,  0.],
       [ 0.,  0., 10., ..., 12.,  1.,  0.]]), array([3, 7, 3, ..., 8, 9, 8])), and kwargs: {}
INFO:root:Ran with args: (<Examples.BestPractices.unit_test_and_logging_for_data_science.TheAlgorithm object at 0x00000243BA6CE390>,), and kwargs: {}
INFO:root:Ran with args: (<Examples.BestPractices.unit_test_and_logging_for_data_science.TheAlgorithm object at 0x0000026268156C50>, array([[ 0.,  0.,  5., ...,  0.,  0.,  0.],
       [ 0.,  0.,  0., ..., 10.,  0.,  0.],
       [ 0.,  0.,  0., ..., 16.,  9.,  0.],
       ...,
       [ 0.,  0.,  0., ..., 13.,  3.,  0.],
       [ 0.,  0.,  0., ..., 15.,  5.,  0.],
       [ 0.,  1., 10., ..., 10.,  0.,  0.]]), array([0, 1, 2, 3, 4, 5, 6, 7, 8, 9, 0, 1, 2, 3, 4, 5, 6, 7, 8, 9, 0, 1,
       2, 3, 4, 5, 6, 7, 8, 9, 0, 9, 5, 5, 6, 5, 0, 9, 8, 9, 8, 4, 1, 7,
       7, 3, 5, 1, 0, 0, 2, 2, 7, 8, 2, 0, 1, 2, 6, 3]), array([[ 0.,  0., 10., ..., 11.,  2.,  0.],
       [ 0.,  0.,  6., ...,  0.,  0.,  0.],
       [ 0.,  0., 14., ..., 10.,  1.,  0.],
       ...,
       [ 0.,  0.,  1., ...,  6.,  0.,  0.],
       [ 0.,  0.,  2., ..., 12.,  0.,  0.],
       [ 0.,  0., 10., ..., 12.,  1.,  0.]]), array([3, 7, 3, ..., 8, 9, 8])), and kwargs: {}
INFO:root:Ran with args: (<Examples.BestPractices.unit_test_and_logging_for_data_science.TheAlgorithm object at 0x0000026268156C50>,), and kwargs: {}
INFO:root:Ran with args: (<Examples.BestPractices.unit_test_and_logging_for_data_science.TheAlgorithm object at 0x0000026268156C50>,), and kwargs: {}
INFO:root:Ran with args: (<Examples.BestPractices.unit_test_and_logging_for_data_science.TheAlgorithm object at 0x000002626898D358>, array([[ 0.,  0.,  5., ...,  0.,  0.,  0.],
       [ 0.,  0.,  0., ..., 10.,  0.,  0.],
       [ 0.,  0.,  0., ..., 16.,  9.,  0.],
       ...,
       [ 0.,  0.,  0., ..., 13.,  3.,  0.],
       [ 0.,  0.,  0., ..., 15.,  5.,  0.],
       [ 0.,  1., 10., ..., 10.,  0.,  0.]]), array([0, 1, 2, 3, 4, 5, 6, 7, 8, 9, 0, 1, 2, 3, 4, 5, 6, 7, 8, 9, 0, 1,
       2, 3, 4, 5, 6, 7, 8, 9, 0, 9, 5, 5, 6, 5, 0, 9, 8, 9, 8, 4, 1, 7,
       7, 3, 5, 1, 0, 0, 2, 2, 7, 8, 2, 0, 1, 2, 6, 3]), array([[ 0.,  0., 10., ..., 11.,  2.,  0.],
       [ 0.,  0.,  6., ...,  0.,  0.,  0.],
       [ 0.,  0., 14., ..., 10.,  1.,  0.],
       ...,
       [ 0.,  0.,  1., ...,  6.,  0.,  0.],
       [ 0.,  0.,  2., ..., 12.,  0.,  0.],
       [ 0.,  0., 10., ..., 12.,  1.,  0.]]), array([3, 7, 3, ..., 8, 9, 8])), and kwargs: {}
INFO:root:Ran with args: (<Examples.BestPractices.unit_test_and_logging_for_data_science.TheAlgorithm object at 0x000002626898D358>,), and kwargs: {}
INFO:root:Ran with args: (<Examples.BestPractices.unit_test_and_logging_for_data_science.TheAlgorithm object at 0x0000026271D6E390>, array([[ 0.,  0.,  5., ...,  0.,  0.,  0.],
       [ 0.,  0.,  0., ..., 10.,  0.,  0.],
       [ 0.,  0.,  0., ..., 16.,  9.,  0.],
       ...,
       [ 0.,  0.,  0., ..., 13.,  3.,  0.],
       [ 0.,  0.,  0., ..., 15.,  5.,  0.],
       [ 0.,  1., 10., ..., 10.,  0.,  0.]]), array([0, 1, 2, 3, 4, 5, 6, 7, 8, 9, 0, 1, 2, 3, 4, 5, 6, 7, 8, 9, 0, 1,
       2, 3, 4, 5, 6, 7, 8, 9, 0, 9, 5, 5, 6, 5, 0, 9, 8, 9, 8, 4, 1, 7,
       7, 3, 5, 1, 0, 0, 2, 2, 7, 8, 2, 0, 1, 2, 6, 3]), array([[ 0.,  0., 10., ..., 11.,  2.,  0.],
       [ 0.,  0.,  6., ...,  0.,  0.,  0.],
       [ 0.,  0., 14., ..., 10.,  1.,  0.],
       ...,
       [ 0.,  0.,  1., ...,  6.,  0.,  0.],
       [ 0.,  0.,  2., ..., 12.,  0.,  0.],
       [ 0.,  0., 10., ..., 12.,  1.,  0.]]), array([3, 7, 3, ..., 8, 9, 8])), and kwargs: {}
INFO:root:Ran with args: (<Examples.BestPractices.unit_test_and_logging_for_data_science.TheAlgorithm object at 0x0000026271D6E390>,), and kwargs: {}
INFO:root:Ran with args: (<Examples.BestPractices.unit_test_and_logging_for_data_science.TheAlgorithm object at 0x0000026271D6E390>,), and kwargs: {}
INFO:root:Ran with args: (<Examples.BestPractices.unit_test_and_logging_for_data_science.TheAlgorithm object at 0x000001B1AD846C50>, array([[ 0.,  0.,  5., ...,  0.,  0.,  0.],
       [ 0.,  0.,  0., ..., 10.,  0.,  0.],
       [ 0.,  0.,  0., ..., 16.,  9.,  0.],
       ...,
       [ 0.,  0.,  0., ..., 13.,  3.,  0.],
       [ 0.,  0.,  0., ..., 15.,  5.,  0.],
       [ 0.,  1., 10., ..., 10.,  0.,  0.]]), array([0, 1, 2, 3, 4, 5, 6, 7, 8, 9, 0, 1, 2, 3, 4, 5, 6, 7, 8, 9, 0, 1,
       2, 3, 4, 5, 6, 7, 8, 9, 0, 9, 5, 5, 6, 5, 0, 9, 8, 9, 8, 4, 1, 7,
       7, 3, 5, 1, 0, 0, 2, 2, 7, 8, 2, 0, 1, 2, 6, 3]), array([[ 0.,  0., 10., ..., 11.,  2.,  0.],
       [ 0.,  0.,  6., ...,  0.,  0.,  0.],
       [ 0.,  0., 14., ..., 10.,  1.,  0.],
       ...,
       [ 0.,  0.,  1., ...,  6.,  0.,  0.],
       [ 0.,  0.,  2., ..., 12.,  0.,  0.],
       [ 0.,  0., 10., ..., 12.,  1.,  0.]]), array([3, 7, 3, ..., 8, 9, 8])), and kwargs: {}
INFO:root:Ran with args: (<Examples.BestPractices.unit_test_and_logging_for_data_science.TheAlgorithm object at 0x000001B1AD846C50>,), and kwargs: {}
INFO:root:Ran with args: (<Examples.BestPractices.unit_test_and_logging_for_data_science.TheAlgorithm object at 0x000001B1AD846C50>,), and kwargs: {}
INFO:root:Ran with args: (<Examples.BestPractices.unit_test_and_logging_for_data_science.TheAlgorithm object at 0x000001CA5A746C50>, array([[ 0.,  0.,  5., ...,  0.,  0.,  0.],
       [ 0.,  0.,  0., ..., 10.,  0.,  0.],
       [ 0.,  0.,  0., ..., 16.,  9.,  0.],
       ...,
       [ 0.,  0.,  0., ..., 13.,  3.,  0.],
       [ 0.,  0.,  0., ..., 15.,  5.,  0.],
       [ 0.,  1., 10., ..., 10.,  0.,  0.]]), array([0, 1, 2, 3, 4, 5, 6, 7, 8, 9, 0, 1, 2, 3, 4, 5, 6, 7, 8, 9, 0, 1,
       2, 3, 4, 5, 6, 7, 8, 9, 0, 9, 5, 5, 6, 5, 0, 9, 8, 9, 8, 4, 1, 7,
       7, 3, 5, 1, 0, 0, 2, 2, 7, 8, 2, 0, 1, 2, 6, 3]), array([[ 0.,  0., 10., ..., 11.,  2.,  0.],
       [ 0.,  0.,  6., ...,  0.,  0.,  0.],
       [ 0.,  0., 14., ..., 10.,  1.,  0.],
       ...,
       [ 0.,  0.,  1., ...,  6.,  0.,  0.],
       [ 0.,  0.,  2., ..., 12.,  0.,  0.],
       [ 0.,  0., 10., ..., 12.,  1.,  0.]]), array([3, 7, 3, ..., 8, 9, 8])), and kwargs: {}
INFO:root:Ran with args: (<Examples.BestPractices.unit_test_and_logging_for_data_science.TheAlgorithm object at 0x000001CA5A746C50>,), and kwargs: {}
INFO:root:Ran with args: (<Examples.BestPractices.unit_test_and_logging_for_data_science.TheAlgorithm object at 0x000001CA5A746C50>,), and kwargs: {}
INFO:root:Ran with args: (<Examples.BestPractices.unit_test_and_logging_for_data_science.TheAlgorithm object at 0x0000026D38F96C50>, array([[ 0.,  0.,  5., ...,  0.,  0.,  0.],
       [ 0.,  0.,  0., ..., 10.,  0.,  0.],
       [ 0.,  0.,  0., ..., 16.,  9.,  0.],
       ...,
       [ 0.,  0.,  0., ..., 13.,  3.,  0.],
       [ 0.,  0.,  0., ..., 15.,  5.,  0.],
       [ 0.,  1., 10., ..., 10.,  0.,  0.]]), array([0, 1, 2, 3, 4, 5, 6, 7, 8, 9, 0, 1, 2, 3, 4, 5, 6, 7, 8, 9, 0, 1,
       2, 3, 4, 5, 6, 7, 8, 9, 0, 9, 5, 5, 6, 5, 0, 9, 8, 9, 8, 4, 1, 7,
       7, 3, 5, 1, 0, 0, 2, 2, 7, 8, 2, 0, 1, 2, 6, 3]), array([[ 0.,  0., 10., ..., 11.,  2.,  0.],
       [ 0.,  0.,  6., ...,  0.,  0.,  0.],
       [ 0.,  0., 14., ..., 10.,  1.,  0.],
       ...,
       [ 0.,  0.,  1., ...,  6.,  0.,  0.],
       [ 0.,  0.,  2., ..., 12.,  0.,  0.],
       [ 0.,  0., 10., ..., 12.,  1.,  0.]]), array([3, 7, 3, ..., 8, 9, 8])), and kwargs: {}
INFO:root:Ran with args: (<Examples.BestPractices.unit_test_and_logging_for_data_science.TheAlgorithm object at 0x0000026D38F96C50>,), and kwargs: {}
INFO:root:Ran with args: (<Examples.BestPractices.unit_test_and_logging_for_data_science.TheAlgorithm object at 0x0000026D38F96C50>,), and kwargs: {}
INFO:root:Ran with args: (<Examples.BestPractices.unit_test_and_logging_for_data_science.TheAlgorithm object at 0x00000134F0166C50>, array([[ 0.,  0.,  5., ...,  0.,  0.,  0.],
       [ 0.,  0.,  0., ..., 10.,  0.,  0.],
       [ 0.,  0.,  0., ..., 16.,  9.,  0.],
       ...,
       [ 0.,  0.,  0., ..., 13.,  3.,  0.],
       [ 0.,  0.,  0., ..., 15.,  5.,  0.],
       [ 0.,  1., 10., ..., 10.,  0.,  0.]]), array([0, 1, 2, 3, 4, 5, 6, 7, 8, 9, 0, 1, 2, 3, 4, 5, 6, 7, 8, 9, 0, 1,
       2, 3, 4, 5, 6, 7, 8, 9, 0, 9, 5, 5, 6, 5, 0, 9, 8, 9, 8, 4, 1, 7,
       7, 3, 5, 1, 0, 0, 2, 2, 7, 8, 2, 0, 1, 2, 6, 3]), array([[ 0.,  0., 10., ..., 11.,  2.,  0.],
       [ 0.,  0.,  6., ...,  0.,  0.,  0.],
       [ 0.,  0., 14., ..., 10.,  1.,  0.],
       ...,
       [ 0.,  0.,  1., ...,  6.,  0.,  0.],
       [ 0.,  0.,  2., ..., 12.,  0.,  0.],
       [ 0.,  0., 10., ..., 12.,  1.,  0.]]), array([3, 7, 3, ..., 8, 9, 8])), and kwargs: {}
INFO:root:Ran with args: (<Examples.BestPractices.unit_test_and_logging_for_data_science.TheAlgorithm object at 0x00000134F0166C50>,), and kwargs: {}
INFO:root:Ran with args: (<Examples.BestPractices.unit_test_and_logging_for_data_science.TheAlgorithm object at 0x00000134F0166C50>,), and kwargs: {}
INFO:root:Ran with args: (<Examples.BestPractices.unit_test_and_logging_for_data_science.TheAlgorithm object at 0x00000134F09AD3C8>, array([[ 0.,  0.,  5., ...,  0.,  0.,  0.],
       [ 0.,  0.,  0., ..., 10.,  0.,  0.],
       [ 0.,  0.,  0., ..., 16.,  9.,  0.],
       ...,
       [ 0.,  0.,  0., ..., 13.,  3.,  0.],
       [ 0.,  0.,  0., ..., 15.,  5.,  0.],
       [ 0.,  1., 10., ..., 10.,  0.,  0.]]), array([0, 1, 2, 3, 4, 5, 6, 7, 8, 9, 0, 1, 2, 3, 4, 5, 6, 7, 8, 9, 0, 1,
       2, 3, 4, 5, 6, 7, 8, 9, 0, 9, 5, 5, 6, 5, 0, 9, 8, 9, 8, 4, 1, 7,
       7, 3, 5, 1, 0, 0, 2, 2, 7, 8, 2, 0, 1, 2, 6, 3]), array([[ 0.,  0., 10., ..., 11.,  2.,  0.],
       [ 0.,  0.,  6., ...,  0.,  0.,  0.],
       [ 0.,  0., 14., ..., 10.,  1.,  0.],
       ...,
       [ 0.,  0.,  1., ...,  6.,  0.,  0.],
       [ 0.,  0.,  2., ..., 12.,  0.,  0.],
       [ 0.,  0., 10., ..., 12.,  1.,  0.]]), array([3, 7, 3, ..., 8, 9, 8])), and kwargs: {}
INFO:root:Ran with args: (<Examples.BestPractices.unit_test_and_logging_for_data_science.TheAlgorithm object at 0x00000134F09AD3C8>,), and kwargs: {}
INFO:root:Ran with args: (<Examples.BestPractices.unit_test_and_logging_for_data_science.TheAlgorithm object at 0x00000134F9D8E390>, array([[ 0.,  0.,  5., ...,  0.,  0.,  0.],
       [ 0.,  0.,  0., ..., 10.,  0.,  0.],
       [ 0.,  0.,  0., ..., 16.,  9.,  0.],
       ...,
       [ 0.,  0.,  0., ..., 13.,  3.,  0.],
       [ 0.,  0.,  0., ..., 15.,  5.,  0.],
       [ 0.,  1., 10., ..., 10.,  0.,  0.]]), array([0, 1, 2, 3, 4, 5, 6, 7, 8, 9, 0, 1, 2, 3, 4, 5, 6, 7, 8, 9, 0, 1,
       2, 3, 4, 5, 6, 7, 8, 9, 0, 9, 5, 5, 6, 5, 0, 9, 8, 9, 8, 4, 1, 7,
       7, 3, 5, 1, 0, 0, 2, 2, 7, 8, 2, 0, 1, 2, 6, 3]), array([[ 0.,  0., 10., ..., 11.,  2.,  0.],
       [ 0.,  0.,  6., ...,  0.,  0.,  0.],
       [ 0.,  0., 14., ..., 10.,  1.,  0.],
       ...,
       [ 0.,  0.,  1., ...,  6.,  0.,  0.],
       [ 0.,  0.,  2., ..., 12.,  0.,  0.],
       [ 0.,  0., 10., ..., 12.,  1.,  0.]]), array([3, 7, 3, ..., 8, 9, 8])), and kwargs: {}
INFO:root:Ran with args: (<Examples.BestPractices.unit_test_and_logging_for_data_science.TheAlgorithm object at 0x00000134F9D8E390>,), and kwargs: {}
INFO:root:Ran with args: (<Examples.BestPractices.unit_test_and_logging_for_data_science.TheAlgorithm object at 0x000002DAB5706C50>, array([[ 0.,  0.,  5., ...,  0.,  0.,  0.],
       [ 0.,  0.,  0., ..., 10.,  0.,  0.],
       [ 0.,  0.,  0., ..., 16.,  9.,  0.],
       ...,
       [ 0.,  0.,  0., ..., 13.,  3.,  0.],
       [ 0.,  0.,  0., ..., 15.,  5.,  0.],
       [ 0.,  1., 10., ..., 10.,  0.,  0.]]), array([0, 1, 2, 3, 4, 5, 6, 7, 8, 9, 0, 1, 2, 3, 4, 5, 6, 7, 8, 9, 0, 1,
       2, 3, 4, 5, 6, 7, 8, 9, 0, 9, 5, 5, 6, 5, 0, 9, 8, 9, 8, 4, 1, 7,
       7, 3, 5, 1, 0, 0, 2, 2, 7, 8, 2, 0, 1, 2, 6, 3]), array([[ 0.,  0., 10., ..., 11.,  2.,  0.],
       [ 0.,  0.,  6., ...,  0.,  0.,  0.],
       [ 0.,  0., 14., ..., 10.,  1.,  0.],
       ...,
       [ 0.,  0.,  1., ...,  6.,  0.,  0.],
       [ 0.,  0.,  2., ..., 12.,  0.,  0.],
       [ 0.,  0., 10., ..., 12.,  1.,  0.]]), array([3, 7, 3, ..., 8, 9, 8])), and kwargs: {}
INFO:root:Ran with args: (<Examples.BestPractices.unit_test_and_logging_for_data_science.TheAlgorithm object at 0x000002DAB5706C50>,), and kwargs: {}
INFO:root:Ran with args: (<Examples.BestPractices.unit_test_and_logging_for_data_science.TheAlgorithm object at 0x000002DAB5706C50>,), and kwargs: {}
INFO:root:Ran with args: (<Examples.BestPractices.unit_test_and_logging_for_data_science.TheAlgorithm object at 0x000002DAB5F3D358>, array([[ 0.,  0.,  5., ...,  0.,  0.,  0.],
       [ 0.,  0.,  0., ..., 10.,  0.,  0.],
       [ 0.,  0.,  0., ..., 16.,  9.,  0.],
       ...,
       [ 0.,  0.,  0., ..., 13.,  3.,  0.],
       [ 0.,  0.,  0., ..., 15.,  5.,  0.],
       [ 0.,  1., 10., ..., 10.,  0.,  0.]]), array([0, 1, 2, 3, 4, 5, 6, 7, 8, 9, 0, 1, 2, 3, 4, 5, 6, 7, 8, 9, 0, 1,
       2, 3, 4, 5, 6, 7, 8, 9, 0, 9, 5, 5, 6, 5, 0, 9, 8, 9, 8, 4, 1, 7,
       7, 3, 5, 1, 0, 0, 2, 2, 7, 8, 2, 0, 1, 2, 6, 3]), array([[ 0.,  0., 10., ..., 11.,  2.,  0.],
       [ 0.,  0.,  6., ...,  0.,  0.,  0.],
       [ 0.,  0., 14., ..., 10.,  1.,  0.],
       ...,
       [ 0.,  0.,  1., ...,  6.,  0.,  0.],
       [ 0.,  0.,  2., ..., 12.,  0.,  0.],
       [ 0.,  0., 10., ..., 12.,  1.,  0.]]), array([3, 7, 3, ..., 8, 9, 8])), and kwargs: {}
INFO:root:Ran with args: (<Examples.BestPractices.unit_test_and_logging_for_data_science.TheAlgorithm object at 0x000002DAB5F3D358>,), and kwargs: {}
INFO:root:Ran with args: (<Examples.BestPractices.unit_test_and_logging_for_data_science.TheAlgorithm object at 0x000002DABF31E390>, array([[ 0.,  0.,  5., ...,  0.,  0.,  0.],
       [ 0.,  0.,  0., ..., 10.,  0.,  0.],
       [ 0.,  0.,  0., ..., 16.,  9.,  0.],
       ...,
       [ 0.,  0.,  0., ..., 13.,  3.,  0.],
       [ 0.,  0.,  0., ..., 15.,  5.,  0.],
       [ 0.,  1., 10., ..., 10.,  0.,  0.]]), array([0, 1, 2, 3, 4, 5, 6, 7, 8, 9, 0, 1, 2, 3, 4, 5, 6, 7, 8, 9, 0, 1,
       2, 3, 4, 5, 6, 7, 8, 9, 0, 9, 5, 5, 6, 5, 0, 9, 8, 9, 8, 4, 1, 7,
       7, 3, 5, 1, 0, 0, 2, 2, 7, 8, 2, 0, 1, 2, 6, 3]), array([[ 0.,  0., 10., ..., 11.,  2.,  0.],
       [ 0.,  0.,  6., ...,  0.,  0.,  0.],
       [ 0.,  0., 14., ..., 10.,  1.,  0.],
       ...,
       [ 0.,  0.,  1., ...,  6.,  0.,  0.],
       [ 0.,  0.,  2., ..., 12.,  0.,  0.],
       [ 0.,  0., 10., ..., 12.,  1.,  0.]]), array([3, 7, 3, ..., 8, 9, 8])), and kwargs: {}
INFO:root:Ran with args: (<Examples.BestPractices.unit_test_and_logging_for_data_science.TheAlgorithm object at 0x000002DABF31E390>,), and kwargs: {}
INFO:root:Ran with args: (<Examples.BestPractices.unit_test_and_logging_for_data_science.TheAlgorithm object at 0x000002DABF31E390>,), and kwargs: {}
INFO:root:Ran with args: (<Examples.BestPractices.unit_test_and_logging_for_data_science.TheAlgorithm object at 0x000002BAE8066C50>, array([[ 0.,  0.,  5., ...,  0.,  0.,  0.],
       [ 0.,  0.,  0., ..., 10.,  0.,  0.],
       [ 0.,  0.,  0., ..., 16.,  9.,  0.],
       ...,
       [ 0.,  0.,  0., ..., 13.,  3.,  0.],
       [ 0.,  0.,  0., ..., 15.,  5.,  0.],
       [ 0.,  1., 10., ..., 10.,  0.,  0.]]), array([0, 1, 2, 3, 4, 5, 6, 7, 8, 9, 0, 1, 2, 3, 4, 5, 6, 7, 8, 9, 0, 1,
       2, 3, 4, 5, 6, 7, 8, 9, 0, 9, 5, 5, 6, 5, 0, 9, 8, 9, 8, 4, 1, 7,
       7, 3, 5, 1, 0, 0, 2, 2, 7, 8, 2, 0, 1, 2, 6, 3]), array([[ 0.,  0., 10., ..., 11.,  2.,  0.],
       [ 0.,  0.,  6., ...,  0.,  0.,  0.],
       [ 0.,  0., 14., ..., 10.,  1.,  0.],
       ...,
       [ 0.,  0.,  1., ...,  6.,  0.,  0.],
       [ 0.,  0.,  2., ..., 12.,  0.,  0.],
       [ 0.,  0., 10., ..., 12.,  1.,  0.]]), array([3, 7, 3, ..., 8, 9, 8])), and kwargs: {}
INFO:root:Ran with args: (<Examples.BestPractices.unit_test_and_logging_for_data_science.TheAlgorithm object at 0x000002BAE8066C50>,), and kwargs: {}
INFO:root:Ran with args: (<Examples.BestPractices.unit_test_and_logging_for_data_science.TheAlgorithm object at 0x000002BAE8066C50>,), and kwargs: {}
INFO:root:Ran with args: (<Examples.BestPractices.unit_test_and_logging_for_data_science.TheAlgorithm object at 0x000002BAE8E07AC8>, array([[ 0.,  0.,  5., ...,  0.,  0.,  0.],
       [ 0.,  0.,  0., ..., 10.,  0.,  0.],
       [ 0.,  0.,  0., ..., 16.,  9.,  0.],
       ...,
       [ 0.,  0.,  0., ..., 13.,  3.,  0.],
       [ 0.,  0.,  0., ..., 15.,  5.,  0.],
       [ 0.,  1., 10., ..., 10.,  0.,  0.]]), array([0, 1, 2, 3, 4, 5, 6, 7, 8, 9, 0, 1, 2, 3, 4, 5, 6, 7, 8, 9, 0, 1,
       2, 3, 4, 5, 6, 7, 8, 9, 0, 9, 5, 5, 6, 5, 0, 9, 8, 9, 8, 4, 1, 7,
       7, 3, 5, 1, 0, 0, 2, 2, 7, 8, 2, 0, 1, 2, 6, 3]), array([[ 0.,  0., 10., ..., 11.,  2.,  0.],
       [ 0.,  0.,  6., ...,  0.,  0.,  0.],
       [ 0.,  0., 14., ..., 10.,  1.,  0.],
       ...,
       [ 0.,  0.,  1., ...,  6.,  0.,  0.],
       [ 0.,  0.,  2., ..., 12.,  0.,  0.],
       [ 0.,  0., 10., ..., 12.,  1.,  0.]]), array([3, 7, 3, ..., 8, 9, 8])), and kwargs: {}
INFO:root:Ran with args: (<Examples.BestPractices.unit_test_and_logging_for_data_science.TheAlgorithm object at 0x000002BAE8E07AC8>,), and kwargs: {}
INFO:root:Ran with args: (<Examples.BestPractices.unit_test_and_logging_for_data_science.TheAlgorithm object at 0x00000208B1376C50>, array([[ 0.,  0.,  5., ...,  0.,  0.,  0.],
       [ 0.,  0.,  0., ..., 10.,  0.,  0.],
       [ 0.,  0.,  0., ..., 16.,  9.,  0.],
       ...,
       [ 0.,  0.,  0., ..., 13.,  3.,  0.],
       [ 0.,  0.,  0., ..., 15.,  5.,  0.],
       [ 0.,  1., 10., ..., 10.,  0.,  0.]]), array([0, 1, 2, 3, 4, 5, 6, 7, 8, 9, 0, 1, 2, 3, 4, 5, 6, 7, 8, 9, 0, 1,
       2, 3, 4, 5, 6, 7, 8, 9, 0, 9, 5, 5, 6, 5, 0, 9, 8, 9, 8, 4, 1, 7,
       7, 3, 5, 1, 0, 0, 2, 2, 7, 8, 2, 0, 1, 2, 6, 3]), array([[ 0.,  0., 10., ..., 11.,  2.,  0.],
       [ 0.,  0.,  6., ...,  0.,  0.,  0.],
       [ 0.,  0., 14., ..., 10.,  1.,  0.],
       ...,
       [ 0.,  0.,  1., ...,  6.,  0.,  0.],
       [ 0.,  0.,  2., ..., 12.,  0.,  0.],
       [ 0.,  0., 10., ..., 12.,  1.,  0.]]), array([3, 7, 3, ..., 8, 9, 8])), and kwargs: {}
INFO:root:Ran with args: (<Examples.BestPractices.unit_test_and_logging_for_data_science.TheAlgorithm object at 0x00000208B1376C50>,), and kwargs: {}
INFO:root:Ran with args: (<Examples.BestPractices.unit_test_and_logging_for_data_science.TheAlgorithm object at 0x00000208B1376C50>,), and kwargs: {}
INFO:root:Ran with args: (<Examples.BestPractices.unit_test_and_logging_for_data_science.TheAlgorithm object at 0x00000208B2127A90>, array([[ 0.,  0.,  5., ...,  0.,  0.,  0.],
       [ 0.,  0.,  0., ..., 10.,  0.,  0.],
       [ 0.,  0.,  0., ..., 16.,  9.,  0.],
       ...,
       [ 0.,  0.,  0., ..., 13.,  3.,  0.],
       [ 0.,  0.,  0., ..., 15.,  5.,  0.],
       [ 0.,  1., 10., ..., 10.,  0.,  0.]]), array([0, 1, 2, 3, 4, 5, 6, 7, 8, 9, 0, 1, 2, 3, 4, 5, 6, 7, 8, 9, 0, 1,
       2, 3, 4, 5, 6, 7, 8, 9, 0, 9, 5, 5, 6, 5, 0, 9, 8, 9, 8, 4, 1, 7,
       7, 3, 5, 1, 0, 0, 2, 2, 7, 8, 2, 0, 1, 2, 6, 3]), array([[ 0.,  0., 10., ..., 11.,  2.,  0.],
       [ 0.,  0.,  6., ...,  0.,  0.,  0.],
       [ 0.,  0., 14., ..., 10.,  1.,  0.],
       ...,
       [ 0.,  0.,  1., ...,  6.,  0.,  0.],
       [ 0.,  0.,  2., ..., 12.,  0.,  0.],
       [ 0.,  0., 10., ..., 12.,  1.,  0.]]), array([3, 7, 3, ..., 8, 9, 8])), and kwargs: {}
INFO:root:Ran with args: (<Examples.BestPractices.unit_test_and_logging_for_data_science.TheAlgorithm object at 0x00000208B2127A90>,), and kwargs: {}
INFO:root:Ran with args: (<Examples.BestPractices.unit_test_and_logging_for_data_science.TheAlgorithm object at 0x0000022010B36C50>, array([[ 0.,  0.,  5., ...,  0.,  0.,  0.],
       [ 0.,  0.,  0., ..., 10.,  0.,  0.],
       [ 0.,  0.,  0., ..., 16.,  9.,  0.],
       ...,
       [ 0.,  0.,  0., ..., 13.,  3.,  0.],
       [ 0.,  0.,  0., ..., 15.,  5.,  0.],
       [ 0.,  1., 10., ..., 10.,  0.,  0.]]), array([0, 1, 2, 3, 4, 5, 6, 7, 8, 9, 0, 1, 2, 3, 4, 5, 6, 7, 8, 9, 0, 1,
       2, 3, 4, 5, 6, 7, 8, 9, 0, 9, 5, 5, 6, 5, 0, 9, 8, 9, 8, 4, 1, 7,
       7, 3, 5, 1, 0, 0, 2, 2, 7, 8, 2, 0, 1, 2, 6, 3]), array([[ 0.,  0., 10., ..., 11.,  2.,  0.],
       [ 0.,  0.,  6., ...,  0.,  0.,  0.],
       [ 0.,  0., 14., ..., 10.,  1.,  0.],
       ...,
       [ 0.,  0.,  1., ...,  6.,  0.,  0.],
       [ 0.,  0.,  2., ..., 12.,  0.,  0.],
       [ 0.,  0., 10., ..., 12.,  1.,  0.]]), array([3, 7, 3, ..., 8, 9, 8])), and kwargs: {}
INFO:root:Ran with args: (<Examples.BestPractices.unit_test_and_logging_for_data_science.TheAlgorithm object at 0x0000022010B36C50>,), and kwargs: {}
INFO:root:Ran with args: (<Examples.BestPractices.unit_test_and_logging_for_data_science.TheAlgorithm object at 0x0000022010B36C50>,), and kwargs: {}
INFO:root:Ran with args: (<Examples.BestPractices.unit_test_and_logging_for_data_science.TheAlgorithm object at 0x00000220118F7A90>, array([[ 0.,  0.,  5., ...,  0.,  0.,  0.],
       [ 0.,  0.,  0., ..., 10.,  0.,  0.],
       [ 0.,  0.,  0., ..., 16.,  9.,  0.],
       ...,
       [ 0.,  0.,  0., ..., 13.,  3.,  0.],
       [ 0.,  0.,  0., ..., 15.,  5.,  0.],
       [ 0.,  1., 10., ..., 10.,  0.,  0.]]), array([0, 1, 2, 3, 4, 5, 6, 7, 8, 9, 0, 1, 2, 3, 4, 5, 6, 7, 8, 9, 0, 1,
       2, 3, 4, 5, 6, 7, 8, 9, 0, 9, 5, 5, 6, 5, 0, 9, 8, 9, 8, 4, 1, 7,
       7, 3, 5, 1, 0, 0, 2, 2, 7, 8, 2, 0, 1, 2, 6, 3]), array([[ 0.,  0., 10., ..., 11.,  2.,  0.],
       [ 0.,  0.,  6., ...,  0.,  0.,  0.],
       [ 0.,  0., 14., ..., 10.,  1.,  0.],
       ...,
       [ 0.,  0.,  1., ...,  6.,  0.,  0.],
       [ 0.,  0.,  2., ..., 12.,  0.,  0.],
       [ 0.,  0., 10., ..., 12.,  1.,  0.]]), array([3, 7, 3, ..., 8, 9, 8])), and kwargs: {}
INFO:root:Ran with args: (<Examples.BestPractices.unit_test_and_logging_for_data_science.TheAlgorithm object at 0x00000220118F7A90>,), and kwargs: {}
INFO:root:Ran with args: (<Examples.BestPractices.unit_test_and_logging_for_data_science.TheAlgorithm object at 0x0000013C5FF86C50>, array([[ 0.,  0.,  5., ...,  0.,  0.,  0.],
       [ 0.,  0.,  0., ..., 10.,  0.,  0.],
       [ 0.,  0.,  0., ..., 16.,  9.,  0.],
       ...,
       [ 0.,  0.,  0., ..., 13.,  3.,  0.],
       [ 0.,  0.,  0., ..., 15.,  5.,  0.],
       [ 0.,  1., 10., ..., 10.,  0.,  0.]]), array([0, 1, 2, 3, 4, 5, 6, 7, 8, 9, 0, 1, 2, 3, 4, 5, 6, 7, 8, 9, 0, 1,
       2, 3, 4, 5, 6, 7, 8, 9, 0, 9, 5, 5, 6, 5, 0, 9, 8, 9, 8, 4, 1, 7,
       7, 3, 5, 1, 0, 0, 2, 2, 7, 8, 2, 0, 1, 2, 6, 3]), array([[ 0.,  0., 10., ..., 11.,  2.,  0.],
       [ 0.,  0.,  6., ...,  0.,  0.,  0.],
       [ 0.,  0., 14., ..., 10.,  1.,  0.],
       ...,
       [ 0.,  0.,  1., ...,  6.,  0.,  0.],
       [ 0.,  0.,  2., ..., 12.,  0.,  0.],
       [ 0.,  0., 10., ..., 12.,  1.,  0.]]), array([3, 7, 3, ..., 8, 9, 8])), and kwargs: {}
INFO:root:Ran with args: (<Examples.BestPractices.unit_test_and_logging_for_data_science.TheAlgorithm object at 0x0000013C5FF86C50>,), and kwargs: {}
INFO:root:Ran with args: (<Examples.BestPractices.unit_test_and_logging_for_data_science.TheAlgorithm object at 0x0000013C5FF86C50>,), and kwargs: {}
INFO:root:Ran with args: (<Examples.BestPractices.unit_test_and_logging_for_data_science.TheAlgorithm object at 0x0000013C60D57AC8>, array([[ 0.,  0.,  5., ...,  0.,  0.,  0.],
       [ 0.,  0.,  0., ..., 10.,  0.,  0.],
       [ 0.,  0.,  0., ..., 16.,  9.,  0.],
       ...,
       [ 0.,  0.,  0., ..., 13.,  3.,  0.],
       [ 0.,  0.,  0., ..., 15.,  5.,  0.],
       [ 0.,  1., 10., ..., 10.,  0.,  0.]]), array([0, 1, 2, 3, 4, 5, 6, 7, 8, 9, 0, 1, 2, 3, 4, 5, 6, 7, 8, 9, 0, 1,
       2, 3, 4, 5, 6, 7, 8, 9, 0, 9, 5, 5, 6, 5, 0, 9, 8, 9, 8, 4, 1, 7,
       7, 3, 5, 1, 0, 0, 2, 2, 7, 8, 2, 0, 1, 2, 6, 3]), array([[ 0.,  0., 10., ..., 11.,  2.,  0.],
       [ 0.,  0.,  6., ...,  0.,  0.,  0.],
       [ 0.,  0., 14., ..., 10.,  1.,  0.],
       ...,
       [ 0.,  0.,  1., ...,  6.,  0.,  0.],
       [ 0.,  0.,  2., ..., 12.,  0.,  0.],
       [ 0.,  0., 10., ..., 12.,  1.,  0.]]), array([3, 7, 3, ..., 8, 9, 8])), and kwargs: {}
INFO:root:Ran with args: (<Examples.BestPractices.unit_test_and_logging_for_data_science.TheAlgorithm object at 0x0000013C60D57AC8>,), and kwargs: {}
INFO:root:Ran with args: (<Examples.BestPractices.unit_test_and_logging_for_data_science.TheAlgorithm object at 0x0000013C60D57AC8>,), and kwargs: {}
INFO:root:Ran with args: (<Examples.BestPractices.unit_test_and_logging_for_data_science.TheAlgorithm object at 0x0000022356D36BE0>, array([[ 0.,  0.,  5., ...,  0.,  0.,  0.],
       [ 0.,  0.,  0., ..., 10.,  0.,  0.],
       [ 0.,  0.,  0., ..., 16.,  9.,  0.],
       ...,
       [ 0.,  0.,  0., ..., 13.,  3.,  0.],
       [ 0.,  0.,  0., ..., 15.,  5.,  0.],
       [ 0.,  1., 10., ..., 10.,  0.,  0.]]), array([0, 1, 2, 3, 4, 5, 6, 7, 8, 9, 0, 1, 2, 3, 4, 5, 6, 7, 8, 9, 0, 1,
       2, 3, 4, 5, 6, 7, 8, 9, 0, 9, 5, 5, 6, 5, 0, 9, 8, 9, 8, 4, 1, 7,
       7, 3, 5, 1, 0, 0, 2, 2, 7, 8, 2, 0, 1, 2, 6, 3]), array([[ 0.,  0., 10., ..., 11.,  2.,  0.],
       [ 0.,  0.,  6., ...,  0.,  0.,  0.],
       [ 0.,  0., 14., ..., 10.,  1.,  0.],
       ...,
       [ 0.,  0.,  1., ...,  6.,  0.,  0.],
       [ 0.,  0.,  2., ..., 12.,  0.,  0.],
       [ 0.,  0., 10., ..., 12.,  1.,  0.]]), array([3, 7, 3, ..., 8, 9, 8])), and kwargs: {}
INFO:root:Ran with args: (<Examples.BestPractices.unit_test_and_logging_for_data_science.TheAlgorithm object at 0x0000022356D36BE0>,), and kwargs: {}
INFO:root:Ran with args: (<Examples.BestPractices.unit_test_and_logging_for_data_science.TheAlgorithm object at 0x0000022356D36BE0>,), and kwargs: {}
INFO:root:Ran with args: (<Examples.BestPractices.unit_test_and_logging_for_data_science.TheAlgorithm object at 0x0000022357B0CA58>, array([[ 0.,  0.,  5., ...,  0.,  0.,  0.],
       [ 0.,  0.,  0., ..., 10.,  0.,  0.],
       [ 0.,  0.,  0., ..., 16.,  9.,  0.],
       ...,
       [ 0.,  0.,  0., ..., 13.,  3.,  0.],
       [ 0.,  0.,  0., ..., 15.,  5.,  0.],
       [ 0.,  1., 10., ..., 10.,  0.,  0.]]), array([0, 1, 2, 3, 4, 5, 6, 7, 8, 9, 0, 1, 2, 3, 4, 5, 6, 7, 8, 9, 0, 1,
       2, 3, 4, 5, 6, 7, 8, 9, 0, 9, 5, 5, 6, 5, 0, 9, 8, 9, 8, 4, 1, 7,
       7, 3, 5, 1, 0, 0, 2, 2, 7, 8, 2, 0, 1, 2, 6, 3]), array([[ 0.,  0., 10., ..., 11.,  2.,  0.],
       [ 0.,  0.,  6., ...,  0.,  0.,  0.],
       [ 0.,  0., 14., ..., 10.,  1.,  0.],
       ...,
       [ 0.,  0.,  1., ...,  6.,  0.,  0.],
       [ 0.,  0.,  2., ..., 12.,  0.,  0.],
       [ 0.,  0., 10., ..., 12.,  1.,  0.]]), array([3, 7, 3, ..., 8, 9, 8])), and kwargs: {}
INFO:root:Ran with args: (<Examples.BestPractices.unit_test_and_logging_for_data_science.TheAlgorithm object at 0x0000022357B0CA58>,), and kwargs: {}
INFO:root:Ran with args: (<Examples.BestPractices.unit_test_and_logging_for_data_science.TheAlgorithm object at 0x00000164CCD1CF60>, array([[ 0.,  0.,  5., ...,  0.,  0.,  0.],
       [ 0.,  0.,  0., ..., 10.,  0.,  0.],
       [ 0.,  0.,  0., ..., 16.,  9.,  0.],
       ...,
       [ 0.,  0.,  0., ..., 13.,  3.,  0.],
       [ 0.,  0.,  0., ..., 15.,  5.,  0.],
       [ 0.,  1., 10., ..., 10.,  0.,  0.]]), array([0, 1, 2, 3, 4, 5, 6, 7, 8, 9, 0, 1, 2, 3, 4, 5, 6, 7, 8, 9, 0, 1,
       2, 3, 4, 5, 6, 7, 8, 9, 0, 9, 5, 5, 6, 5, 0, 9, 8, 9, 8, 4, 1, 7,
       7, 3, 5, 1, 0, 0, 2, 2, 7, 8, 2, 0, 1, 2, 6, 3]), array([[ 0.,  0., 10., ..., 11.,  2.,  0.],
       [ 0.,  0.,  6., ...,  0.,  0.,  0.],
       [ 0.,  0., 14., ..., 10.,  1.,  0.],
       ...,
       [ 0.,  0.,  1., ...,  6.,  0.,  0.],
       [ 0.,  0.,  2., ..., 12.,  0.,  0.],
       [ 0.,  0., 10., ..., 12.,  1.,  0.]]), array([3, 7, 3, ..., 8, 9, 8])), and kwargs: {}
INFO:root:Ran with args: (<Examples.BestPractices.unit_test_and_logging_for_data_science.TheAlgorithm object at 0x00000164CCD1CF60>,), and kwargs: {}
INFO:root:Ran with args: (<Examples.BestPractices.unit_test_and_logging_for_data_science.TheAlgorithm object at 0x00000164CCD1CF60>,), and kwargs: {}
INFO:root:Ran with args: (<Examples.BestPractices.unit_test_and_logging_for_data_science.TheAlgorithm object at 0x00000164CCD2D0B8>, array([[ 0.,  0.,  5., ...,  0.,  0.,  0.],
       [ 0.,  0.,  0., ..., 10.,  0.,  0.],
       [ 0.,  0.,  0., ..., 16.,  9.,  0.],
       ...,
       [ 0.,  0.,  0., ..., 13.,  3.,  0.],
       [ 0.,  0.,  0., ..., 15.,  5.,  0.],
       [ 0.,  1., 10., ..., 10.,  0.,  0.]]), array([0, 1, 2, 3, 4, 5, 6, 7, 8, 9, 0, 1, 2, 3, 4, 5, 6, 7, 8, 9, 0, 1,
       2, 3, 4, 5, 6, 7, 8, 9, 0, 9, 5, 5, 6, 5, 0, 9, 8, 9, 8, 4, 1, 7,
       7, 3, 5, 1, 0, 0, 2, 2, 7, 8, 2, 0, 1, 2, 6, 3]), array([[ 0.,  0., 10., ..., 11.,  2.,  0.],
       [ 0.,  0.,  6., ...,  0.,  0.,  0.],
       [ 0.,  0., 14., ..., 10.,  1.,  0.],
       ...,
       [ 0.,  0.,  1., ...,  6.,  0.,  0.],
       [ 0.,  0.,  2., ..., 12.,  0.,  0.],
       [ 0.,  0., 10., ..., 12.,  1.,  0.]]), array([3, 7, 3, ..., 8, 9, 8])), and kwargs: {}
INFO:root:Ran with args: (<Examples.BestPractices.unit_test_and_logging_for_data_science.TheAlgorithm object at 0x00000164CCD2D0B8>,), and kwargs: {}
INFO:root:Ran with args: (<Examples.BestPractices.unit_test_and_logging_for_data_science.TheAlgorithm object at 0x0000019317B86C50>, array([[ 0.,  0.,  5., ...,  0.,  0.,  0.],
       [ 0.,  0.,  0., ..., 10.,  0.,  0.],
       [ 0.,  0.,  0., ..., 16.,  9.,  0.],
       ...,
       [ 0.,  0.,  0., ..., 13.,  3.,  0.],
       [ 0.,  0.,  0., ..., 15.,  5.,  0.],
       [ 0.,  1., 10., ..., 10.,  0.,  0.]]), array([0, 1, 2, 3, 4, 5, 6, 7, 8, 9, 0, 1, 2, 3, 4, 5, 6, 7, 8, 9, 0, 1,
       2, 3, 4, 5, 6, 7, 8, 9, 0, 9, 5, 5, 6, 5, 0, 9, 8, 9, 8, 4, 1, 7,
       7, 3, 5, 1, 0, 0, 2, 2, 7, 8, 2, 0, 1, 2, 6, 3]), array([[ 0.,  0., 10., ..., 11.,  2.,  0.],
       [ 0.,  0.,  6., ...,  0.,  0.,  0.],
       [ 0.,  0., 14., ..., 10.,  1.,  0.],
       ...,
       [ 0.,  0.,  1., ...,  6.,  0.,  0.],
       [ 0.,  0.,  2., ..., 12.,  0.,  0.],
       [ 0.,  0., 10., ..., 12.,  1.,  0.]]), array([3, 7, 3, ..., 8, 9, 8])), and kwargs: {}
INFO:root:Ran with args: (<Examples.BestPractices.unit_test_and_logging_for_data_science.TheAlgorithm object at 0x0000019317B86C50>,), and kwargs: {}
INFO:root:Ran with args: (<Examples.BestPractices.unit_test_and_logging_for_data_science.TheAlgorithm object at 0x0000019317B86C50>,), and kwargs: {}
INFO:root:Ran with args: (<Examples.BestPractices.unit_test_and_logging_for_data_science.TheAlgorithm object at 0x00000193183ED3C8>, array([[ 0.,  0.,  5., ...,  0.,  0.,  0.],
       [ 0.,  0.,  0., ..., 10.,  0.,  0.],
       [ 0.,  0.,  0., ..., 16.,  9.,  0.],
       ...,
       [ 0.,  0.,  0., ..., 13.,  3.,  0.],
       [ 0.,  0.,  0., ..., 15.,  5.,  0.],
       [ 0.,  1., 10., ..., 10.,  0.,  0.]]), array([0, 1, 2, 3, 4, 5, 6, 7, 8, 9, 0, 1, 2, 3, 4, 5, 6, 7, 8, 9, 0, 1,
       2, 3, 4, 5, 6, 7, 8, 9, 0, 9, 5, 5, 6, 5, 0, 9, 8, 9, 8, 4, 1, 7,
       7, 3, 5, 1, 0, 0, 2, 2, 7, 8, 2, 0, 1, 2, 6, 3]), array([[ 0.,  0., 10., ..., 11.,  2.,  0.],
       [ 0.,  0.,  6., ...,  0.,  0.,  0.],
       [ 0.,  0., 14., ..., 10.,  1.,  0.],
       ...,
       [ 0.,  0.,  1., ...,  6.,  0.,  0.],
       [ 0.,  0.,  2., ..., 12.,  0.,  0.],
       [ 0.,  0., 10., ..., 12.,  1.,  0.]]), array([3, 7, 3, ..., 8, 9, 8])), and kwargs: {}
INFO:root:Ran with args: (<Examples.BestPractices.unit_test_and_logging_for_data_science.TheAlgorithm object at 0x00000193183ED3C8>,), and kwargs: {}
INFO:root:Ran with args: (<Examples.BestPractices.unit_test_and_logging_for_data_science.TheAlgorithm object at 0x00000193217CE390>, array([[ 0.,  0.,  5., ...,  0.,  0.,  0.],
       [ 0.,  0.,  0., ..., 10.,  0.,  0.],
       [ 0.,  0.,  0., ..., 16.,  9.,  0.],
       ...,
       [ 0.,  0.,  0., ..., 13.,  3.,  0.],
       [ 0.,  0.,  0., ..., 15.,  5.,  0.],
       [ 0.,  1., 10., ..., 10.,  0.,  0.]]), array([0, 1, 2, 3, 4, 5, 6, 7, 8, 9, 0, 1, 2, 3, 4, 5, 6, 7, 8, 9, 0, 1,
       2, 3, 4, 5, 6, 7, 8, 9, 0, 9, 5, 5, 6, 5, 0, 9, 8, 9, 8, 4, 1, 7,
       7, 3, 5, 1, 0, 0, 2, 2, 7, 8, 2, 0, 1, 2, 6, 3]), array([[ 0.,  0., 10., ..., 11.,  2.,  0.],
       [ 0.,  0.,  6., ...,  0.,  0.,  0.],
       [ 0.,  0., 14., ..., 10.,  1.,  0.],
       ...,
       [ 0.,  0.,  1., ...,  6.,  0.,  0.],
       [ 0.,  0.,  2., ..., 12.,  0.,  0.],
       [ 0.,  0., 10., ..., 12.,  1.,  0.]]), array([3, 7, 3, ..., 8, 9, 8])), and kwargs: {}
INFO:root:Ran with args: (<Examples.BestPractices.unit_test_and_logging_for_data_science.TheAlgorithm object at 0x00000193217CE390>,), and kwargs: {}
INFO:root:Ran with args: (<Examples.BestPractices.unit_test_and_logging_for_data_science.TheAlgorithm object at 0x000001E95B418240>, array([[ 0.,  0.,  5., ...,  0.,  0.,  0.],
       [ 0.,  0.,  0., ..., 10.,  0.,  0.],
       [ 0.,  0.,  0., ..., 16.,  9.,  0.],
       ...,
       [ 0.,  0.,  0., ..., 13.,  3.,  0.],
       [ 0.,  0.,  0., ..., 15.,  5.,  0.],
       [ 0.,  1., 10., ..., 10.,  0.,  0.]]), array([0, 1, 2, 3, 4, 5, 6, 7, 8, 9, 0, 1, 2, 3, 4, 5, 6, 7, 8, 9, 0, 1,
       2, 3, 4, 5, 6, 7, 8, 9, 0, 9, 5, 5, 6, 5, 0, 9, 8, 9, 8, 4, 1, 7,
       7, 3, 5, 1, 0, 0, 2, 2, 7, 8, 2, 0, 1, 2, 6, 3]), array([[ 0.,  0., 10., ..., 11.,  2.,  0.],
       [ 0.,  0.,  6., ...,  0.,  0.,  0.],
       [ 0.,  0., 14., ..., 10.,  1.,  0.],
       ...,
       [ 0.,  0.,  1., ...,  6.,  0.,  0.],
       [ 0.,  0.,  2., ..., 12.,  0.,  0.],
       [ 0.,  0., 10., ..., 12.,  1.,  0.]]), array([3, 7, 3, ..., 8, 9, 8])), and kwargs: {}
INFO:root:Ran with args: (<Examples.BestPractices.unit_test_and_logging_for_data_science.TheAlgorithm object at 0x000001E95B418240>,), and kwargs: {}
INFO:root:Ran with args: (<Examples.BestPractices.unit_test_and_logging_for_data_science.TheAlgorithm object at 0x000001E95B418240>,), and kwargs: {}
INFO:root:Ran with args: (<Examples.BestPractices.unit_test_and_logging_for_data_science.TheAlgorithm object at 0x000001E95B7153C8>, array([[ 0.,  0.,  5., ...,  0.,  0.,  0.],
       [ 0.,  0.,  0., ..., 10.,  0.,  0.],
       [ 0.,  0.,  0., ..., 16.,  9.,  0.],
       ...,
       [ 0.,  0.,  0., ..., 13.,  3.,  0.],
       [ 0.,  0.,  0., ..., 15.,  5.,  0.],
       [ 0.,  1., 10., ..., 10.,  0.,  0.]]), array([0, 1, 2, 3, 4, 5, 6, 7, 8, 9, 0, 1, 2, 3, 4, 5, 6, 7, 8, 9, 0, 1,
       2, 3, 4, 5, 6, 7, 8, 9, 0, 9, 5, 5, 6, 5, 0, 9, 8, 9, 8, 4, 1, 7,
       7, 3, 5, 1, 0, 0, 2, 2, 7, 8, 2, 0, 1, 2, 6, 3]), array([[ 0.,  0., 10., ..., 11.,  2.,  0.],
       [ 0.,  0.,  6., ...,  0.,  0.,  0.],
       [ 0.,  0., 14., ..., 10.,  1.,  0.],
       ...,
       [ 0.,  0.,  1., ...,  6.,  0.,  0.],
       [ 0.,  0.,  2., ..., 12.,  0.,  0.],
       [ 0.,  0., 10., ..., 12.,  1.,  0.]]), array([3, 7, 3, ..., 8, 9, 8])), and kwargs: {}
INFO:root:Ran with args: (<Examples.BestPractices.unit_test_and_logging_for_data_science.TheAlgorithm object at 0x000001E95B7153C8>,), and kwargs: {}
INFO:root:Ran with args: (<__main__.TheAlgorithm object at 0x0000020C3C1A1828>, array([[ 0.,  0.,  5., ...,  0.,  0.,  0.],
       [ 0.,  0.,  0., ..., 10.,  0.,  0.],
       [ 0.,  0.,  0., ..., 16.,  9.,  0.],
       ...,
       [ 0.,  0.,  0., ..., 13.,  3.,  0.],
       [ 0.,  0.,  0., ..., 15.,  5.,  0.],
       [ 0.,  1., 10., ..., 10.,  0.,  0.]]), array([0, 1, 2, 3, 4, 5, 6, 7, 8, 9, 0, 1, 2, 3, 4, 5, 6, 7, 8, 9, 0, 1,
       2, 3, 4, 5, 6, 7, 8, 9, 0, 9, 5, 5, 6, 5, 0, 9, 8, 9, 8, 4, 1, 7,
       7, 3, 5, 1, 0, 0, 2, 2, 7, 8, 2, 0, 1, 2, 6, 3]), array([[ 0.,  0., 10., ..., 11.,  2.,  0.],
       [ 0.,  0.,  6., ...,  0.,  0.,  0.],
       [ 0.,  0., 14., ..., 10.,  1.,  0.],
       ...,
       [ 0.,  0.,  1., ...,  6.,  0.,  0.],
       [ 0.,  0.,  2., ..., 12.,  0.,  0.],
       [ 0.,  0., 10., ..., 12.,  1.,  0.]]), array([3, 7, 3, ..., 8, 9, 8])), and kwargs: {}
INFO:root:Ran with args: (<__main__.TheAlgorithm object at 0x0000020C3C1A1828>,), and kwargs: {}
INFO:root:Ran with args: (<__main__.TheAlgorithm object at 0x0000020C3C1A1828>,), and kwargs: {}
